<?xml version="1.0" encoding="UTF-8"?>
<coverage generated="1783429157232" clover="3.2.0">
  <project timestamp="1783429157232" name="All files">
    <metrics statements="28" coveredstatements="24" conditionals="22" coveredconditionals="19" methods="13" coveredmethods="11" elements="63" coveredelements="54" complexity="0" loc="28" ncloc="28" packages="1" files="1" classes="1"/>
    <file name="app.ts" path="/home/john/Desktop/ESTUDO_PESSOAL/DSC Rodrigo/NexusHub/projeto-eq01/NEXUSHUB/view/src/app/app.ts">
      <metrics statements="28" coveredstatements="24" conditionals="22" coveredconditionals="19" methods="13" coveredmethods="11"/>
      <line num="13" count="7" type="cond" truecount="10" falsecount="0"/>
      <line num="14" count="5" type="stmt"/>
      <line num="15" count="5" type="stmt"/>
      <line num="17" count="5" type="cond" truecount="1" falsecount="0"/>
      <line num="18" count="5" type="cond" truecount="1" falsecount="0"/>
      <line num="19" count="5" type="cond" truecount="1" falsecount="0"/>
      <line num="20" count="5" type="cond" truecount="1" falsecount="0"/>
      <line num="21" count="5" type="cond" truecount="1" falsecount="0"/>
      <line num="24" count="1" type="stmt"/>
      <line num="27" count="1" type="stmt"/>
      <line num="28" count="0" type="stmt"/>
      <line num="29" count="0" type="cond" truecount="0" falsecount="2"/>
      <line num="30" count="0" type="stmt"/>
      <line num="31" count="0" type="stmt"/>
      <line num="37" count="1" type="stmt"/>
      <line num="38" count="1" type="stmt"/>
      <line num="39" count="1" type="cond" truecount="3" falsecount="0"/>
      <line num="40" count="1" type="stmt"/>
      <line num="41" count="1" type="stmt"/>
      <line num="45" count="1" type="stmt"/>
      <line num="46" count="1" type="stmt"/>
      <line num="47" count="1" type="stmt"/>
      <line num="48" count="1" type="cond" truecount="1" falsecount="1"/>
      <line num="49" count="1" type="stmt"/>
      <line num="54" count="1" type="stmt"/>
      <line num="58" count="1" type="stmt"/>
      <line num="62" count="1" type="stmt"/>
      <line num="63" count="1" type="stmt"/>
    </file>
  </project>
</coverage>
