{"/home/john/Desktop/ESTUDO_PESSOAL/DSC Rodrigo/NexusHub/projeto-eq01/NEXUSHUB/view/src/app/app.ts": {"path":"/home/john/Desktop/ESTUDO_PESSOAL/DSC Rodrigo/NexusHub/projeto-eq01/NEXUSHUB/view/src/app/app.ts","statementMap":{"0":{"start":{"line":13,"column":6},"end":{"line":9,"column":39}},"1":{"start":{"line":14,"column":21},"end":{"line":14,"column":null}},"2":{"start":{"line":15,"column":19},"end":{"line":15,"column":null}},"3":{"start":{"line":17,"column":21},"end":{"line":17,"column":null}},"4":{"start":{"line":18,"column":21},"end":{"line":18,"column":null}},"5":{"start":{"line":19,"column":21},"end":{"line":19,"column":null}},"6":{"start":{"line":20,"column":21},"end":{"line":20,"column":null}},"7":{"start":{"line":21,"column":21},"end":{"line":21,"column":null}},"8":{"start":{"line":13,"column":13},"end":{"line":9,"column":39}},"9":{"start":{"line":17,"column":49},"end":{"line":17,"column":78}},"10":{"start":{"line":18,"column":50},"end":{"line":18,"column":80}},"11":{"start":{"line":19,"column":46},"end":{"line":19,"column":72}},"12":{"start":{"line":24,"column":4},"end":{"line":24,"column":null}},"13":{"start":{"line":27,"column":4},"end":{"line":33,"column":null}},"14":{"start":{"line":28,"column":25},"end":{"line":28,"column":null}},"15":{"start":{"line":29,"column":6},"end":{"line":32,"column":null}},"16":{"start":{"line":30,"column":8},"end":{"line":30,"column":null}},"17":{"start":{"line":31,"column":8},"end":{"line":31,"column":null}},"18":{"start":{"line":37,"column":23},"end":{"line":37,"column":null}},"19":{"start":{"line":38,"column":24},"end":{"line":38,"column":null}},"20":{"start":{"line":39,"column":21},"end":{"line":39,"column":null}},"21":{"start":{"line":40,"column":4},"end":{"line":40,"column":null}},"22":{"start":{"line":41,"column":4},"end":{"line":41,"column":null}},"23":{"start":{"line":45,"column":4},"end":{"line":50,"column":null}},"24":{"start":{"line":46,"column":23},"end":{"line":46,"column":null}},"25":{"start":{"line":47,"column":6},"end":{"line":47,"column":null}},"26":{"start":{"line":48,"column":6},"end":{"line":48,"column":null}},"27":{"start":{"line":49,"column":6},"end":{"line":49,"column":null}},"28":{"start":{"line":54,"column":4},"end":{"line":54,"column":null}},"29":{"start":{"line":54,"column":43},"end":{"line":54,"column":48}},"30":{"start":{"line":58,"column":4},"end":{"line":58,"column":null}},"31":{"start":{"line":62,"column":4},"end":{"line":62,"column":null}},"32":{"start":{"line":63,"column":4},"end":{"line":63,"column":null}},"33":{"start":{"line":13,"column":13},"end":{"line":13,"column":null}},"34":{"start":{"line":13,"column":25},"end":{"line":93,"column":null}},"35":{"start":{"line":13,"column":13},"end":{"line":9,"column":null}}},"fnMap":{"0":{"name":"(anonymous_0)","decl":{"start":{"line":17,"column":43},"end":{"line":17,"column":49}},"loc":{"start":{"line":17,"column":49},"end":{"line":17,"column":78}},"line":17},"1":{"name":"(anonymous_1)","decl":{"start":{"line":18,"column":44},"end":{"line":18,"column":50}},"loc":{"start":{"line":18,"column":50},"end":{"line":18,"column":80}},"line":18},"2":{"name":"(anonymous_2)","decl":{"start":{"line":19,"column":40},"end":{"line":19,"column":46}},"loc":{"start":{"line":19,"column":46},"end":{"line":19,"column":72}},"line":19},"3":{"name":"ngOnInit","decl":{"start":{"line":23,"column":2},"end":{"line":23,"column":10}},"loc":{"start":{"line":23,"column":10},"end":{"line":34,"column":null}},"line":23},"4":{"name":"(anonymous_4)","decl":{"start":{"line":27,"column":81},"end":{"line":27,"column":82}},"loc":{"start":{"line":27,"column":87},"end":{"line":33,"column":5}},"line":27},"5":{"name":"applyTheme","decl":{"start":{"line":36,"column":10},"end":{"line":36,"column":20}},"loc":{"start":{"line":36,"column":20},"end":{"line":42,"column":null}},"line":36},"6":{"name":"toggleTheme","decl":{"start":{"line":44,"column":2},"end":{"line":44,"column":13}},"loc":{"start":{"line":44,"column":13},"end":{"line":51,"column":null}},"line":44},"7":{"name":"(anonymous_7)","decl":{"start":{"line":45,"column":27},"end":{"line":45,"column":28}},"loc":{"start":{"line":45,"column":36},"end":{"line":50,"column":5}},"line":45},"8":{"name":"toggleMobileMenu","decl":{"start":{"line":53,"column":2},"end":{"line":53,"column":18}},"loc":{"start":{"line":53,"column":18},"end":{"line":55,"column":null}},"line":53},"9":{"name":"(anonymous_9)","decl":{"start":{"line":54,"column":33},"end":{"line":54,"column":34}},"loc":{"start":{"line":54,"column":43},"end":{"line":54,"column":48}},"line":54},"10":{"name":"closeMobileMenu","decl":{"start":{"line":57,"column":2},"end":{"line":57,"column":17}},"loc":{"start":{"line":57,"column":17},"end":{"line":59,"column":null}},"line":57},"11":{"name":"logout","decl":{"start":{"line":61,"column":2},"end":{"line":61,"column":8}},"loc":{"start":{"line":61,"column":8},"end":{"line":64,"column":null}},"line":61},"12":{"name":"template","decl":{"start":{"line":13,"column":25},"end":{"line":13,"column":null}},"loc":{"start":{"line":13,"column":25},"end":{"line":9,"column":24}},"line":13}},"branchMap":{"0":{"loc":{"start":{"line":17,"column":78},"end":{"line":17,"column":null}},"type":"cond-expr","locations":[{"start":{"line":17,"column":78},"end":{"line":17,"column":null}}],"line":17},"1":{"loc":{"start":{"line":18,"column":80},"end":{"line":18,"column":null}},"type":"cond-expr","locations":[{"start":{"line":18,"column":80},"end":{"line":18,"column":null}}],"line":18},"2":{"loc":{"start":{"line":19,"column":72},"end":{"line":19,"column":null}},"type":"cond-expr","locations":[{"start":{"line":19,"column":72},"end":{"line":19,"column":null}}],"line":19},"3":{"loc":{"start":{"line":20,"column":52},"end":{"line":20,"column":null}},"type":"cond-expr","locations":[{"start":{"line":20,"column":52},"end":{"line":20,"column":null}}],"line":20},"4":{"loc":{"start":{"line":21,"column":46},"end":{"line":21,"column":null}},"type":"cond-expr","locations":[{"start":{"line":21,"column":46},"end":{"line":21,"column":null}}],"line":21},"5":{"loc":{"start":{"line":29,"column":6},"end":{"line":32,"column":null}},"type":"if","locations":[{"start":{"line":29,"column":6},"end":{"line":32,"column":null}},{"start":{},"end":{}}],"line":29},"6":{"loc":{"start":{"line":39,"column":21},"end":{"line":39,"column":null}},"type":"binary-expr","locations":[{"start":{"line":39,"column":21},"end":{"line":39,"column":47}},{"start":{"line":39,"column":47},"end":{"line":39,"column":62}},{"start":{"line":39,"column":62},"end":{"line":39,"column":null}}],"line":39},"7":{"loc":{"start":{"line":48,"column":45},"end":{"line":48,"column":72}},"type":"cond-expr","locations":[{"start":{"line":48,"column":56},"end":{"line":48,"column":65}},{"start":{"line":48,"column":65},"end":{"line":48,"column":72}}],"line":48},"8":{"loc":{"start":{"line":13,"column":13},"end":{"line":13,"column":25}},"type":"binary-expr","locations":[{"start":{"line":13,"column":13},"end":{"line":13,"column":25}},{"start":{"line":13,"column":13},"end":{"line":13,"column":25}}],"line":13},"9":{"loc":{"start":{"line":13,"column":25},"end":{"line":93,"column":null}},"type":"if","locations":[{"start":{"line":13,"column":25},"end":{"line":93,"column":null}},{"start":{},"end":{}}],"line":13},"10":{"loc":{"start":{"line":13,"column":13},"end":{"line":9,"column":null}},"type":"binary-expr","locations":[{"start":{"line":13,"column":13},"end":{"line":13,"column":25}},{"start":{"line":13,"column":13},"end":{"line":13,"column":25}},{"start":{"line":13,"column":13},"end":{"line":9,"column":null}}],"line":13},"11":{"loc":{"start":{"line":13,"column":13},"end":{"line":13,"column":null}},"type":"binary-expr","locations":[{"start":{"line":13,"column":13},"end":{"line":13,"column":25}},{"start":{"line":13,"column":13},"end":{"line":13,"column":25}},{"start":{"line":13,"column":13},"end":{"line":13,"column":null}}],"line":13}},"s":{"0":1,"1":5,"2":5,"3":5,"4":5,"5":5,"6":5,"7":5,"8":1,"9":1,"10":0,"11":1,"12":1,"13":1,"14":0,"15":0,"16":0,"17":0,"18":1,"19":1,"20":1,"21":1,"22":1,"23":1,"24":1,"25":1,"26":1,"27":1,"28":1,"29":1,"30":1,"31":1,"32":1,"33":1,"34":7,"35":1},"f":{"0":1,"1":0,"2":1,"3":1,"4":0,"5":1,"6":1,"7":1,"8":1,"9":1,"10":1,"11":1,"12":1},"b":{"0":[5],"1":[5],"2":[5],"3":[5],"4":[5],"5":[0,0],"6":[1,1,1],"7":[1,0],"8":[5,5],"9":[5,2],"10":[1,1,1],"11":[1,1,1]},"meta":{"lastBranch":12,"lastFunction":13,"lastStatement":36,"seen":{"s:13:6:9:39":0,"s:14:21:14:Infinity":1,"s:15:19:15:Infinity":2,"s:17:21:17:Infinity":3,"s:18:21:18:Infinity":4,"s:19:21:19:Infinity":5,"s:20:21:20:Infinity":6,"s:21:21:21:Infinity":7,"s:13:13:9:39":8,"f:17:43:17:49":0,"s:17:49:17:78":9,"b:17:78:17:Infinity":0,"f:18:44:18:50":1,"s:18:50:18:80":10,"b:18:80:18:Infinity":1,"f:19:40:19:46":2,"s:19:46:19:72":11,"b:19:72:19:Infinity":2,"b:20:52:20:Infinity":3,"b:21:46:21:Infinity":4,"f:23:2:23:10":3,"s:24:4:24:Infinity":12,"s:27:4:33:Infinity":13,"f:27:81:27:82":4,"s:28:25:28:Infinity":14,"b:29:6:32:Infinity:undefined:undefined:undefined:undefined":5,"s:29:6:32:Infinity":15,"s:30:8:30:Infinity":16,"s:31:8:31:Infinity":17,"f:36:10:36:20":5,"s:37:23:37:Infinity":18,"s:38:24:38:Infinity":19,"s:39:21:39:Infinity":20,"b:39:21:39:47:39:47:39:62:39:62:39:Infinity":6,"s:40:4:40:Infinity":21,"s:41:4:41:Infinity":22,"f:44:2:44:13":6,"s:45:4:50:Infinity":23,"f:45:27:45:28":7,"s:46:23:46:Infinity":24,"s:47:6:47:Infinity":25,"s:48:6:48:Infinity":26,"b:48:56:48:65:48:65:48:72":7,"s:49:6:49:Infinity":27,"f:53:2:53:18":8,"s:54:4:54:Infinity":28,"f:54:33:54:34":9,"s:54:43:54:48":29,"f:57:2:57:17":10,"s:58:4:58:Infinity":30,"f:61:2:61:8":11,"s:62:4:62:Infinity":31,"s:63:4:63:Infinity":32,"s:13:13:13:Infinity":33,"b:13:13:13:25:13:13:13:25":8,"f:13:25:13:Infinity":12,"b:13:25:93:Infinity:undefined:undefined:undefined:undefined":9,"s:13:25:93:Infinity":34,"s:13:13:9:Infinity":35,"b:13:13:13:25:13:13:13:25:13:13:9:Infinity":10,"b:13:13:13:25:13:13:13:25:13:13:13:Infinity":11},"fnNames":{}}}
}
