{"/home/john/Desktop/ESTUDO_PESSOAL/DSC Rodrigo/AytyHub/AytyHub/NEXUSHUB/view/src/app/app.html": {"path":"/home/john/Desktop/ESTUDO_PESSOAL/DSC Rodrigo/AytyHub/AytyHub/NEXUSHUB/view/src/app/app.html","statementMap":{"0":{"start":{"line":23,"column":10},"end":{"line":23,"column":80}},"1":{"start":{"line":23,"column":100},"end":{"line":23,"column":128}},"2":{"start":{"line":23,"column":100},"end":{"line":23,"column":109}},"3":{"start":{"line":24,"column":12},"end":{"line":24,"column":null}},"4":{"start":{"line":25,"column":10},"end":{"line":25,"column":null}},"5":{"start":{"line":26,"column":10},"end":{"line":26,"column":78}},"6":{"start":{"line":26,"column":98},"end":{"line":26,"column":126}},"7":{"start":{"line":26,"column":98},"end":{"line":26,"column":107}},"8":{"start":{"line":27,"column":12},"end":{"line":27,"column":null}},"9":{"start":{"line":28,"column":10},"end":{"line":28,"column":null}},"10":{"start":{"line":29,"column":10},"end":{"line":29,"column":76}},"11":{"start":{"line":29,"column":96},"end":{"line":29,"column":124}},"12":{"start":{"line":29,"column":96},"end":{"line":29,"column":105}},"13":{"start":{"line":30,"column":12},"end":{"line":30,"column":null}},"14":{"start":{"line":31,"column":10},"end":{"line":31,"column":null}},"15":{"start":{"line":32,"column":10},"end":{"line":32,"column":77}},"16":{"start":{"line":32,"column":94},"end":{"line":32,"column":122}},"17":{"start":{"line":32,"column":94},"end":{"line":32,"column":103}},"18":{"start":{"line":32,"column":122},"end":{"line":32,"column":127}},"19":{"start":{"line":32,"column":127},"end":{"line":32,"column":null}},"20":{"start":{"line":37,"column":12},"end":{"line":37,"column":145}},"21":{"start":{"line":38,"column":14},"end":{"line":38,"column":null}},"22":{"start":{"line":39,"column":12},"end":{"line":39,"column":null}},"23":{"start":{"line":40,"column":12},"end":{"line":40,"column":145}},"24":{"start":{"line":41,"column":14},"end":{"line":41,"column":null}},"25":{"start":{"line":42,"column":12},"end":{"line":42,"column":null}},"26":{"start":{"line":45,"column":10},"end":{"line":45,"column":25}},"27":{"start":{"line":46,"column":12},"end":{"line":46,"column":66}},"28":{"start":{"line":46,"column":66},"end":{"line":46,"column":94}},"29":{"start":{"line":46,"column":66},"end":{"line":46,"column":75}},"30":{"start":{"line":46,"column":94},"end":{"line":46,"column":100}},"31":{"start":{"line":46,"column":100},"end":{"line":46,"column":null}},"32":{"start":{"line":47,"column":12},"end":{"line":47,"column":67}},"33":{"start":{"line":47,"column":67},"end":{"line":47,"column":95}},"34":{"start":{"line":47,"column":67},"end":{"line":47,"column":76}},"35":{"start":{"line":47,"column":95},"end":{"line":47,"column":107}},"36":{"start":{"line":47,"column":107},"end":{"line":47,"column":null}},"37":{"start":{"line":52,"column":14},"end":{"line":52,"column":42}},"38":{"start":{"line":53,"column":16},"end":{"line":53,"column":21}},"39":{"start":{"line":54,"column":14},"end":{"line":54,"column":null}},"40":{"start":{"line":53,"column":21},"end":{"line":53,"column":null}},"41":{"start":{"line":56,"column":16},"end":{"line":56,"column":43}},"42":{"start":{"line":56,"column":43},"end":{"line":56,"column":79}},"43":{"start":{"line":56,"column":79},"end":{"line":56,"column":null}},"44":{"start":{"line":50,"column":10},"end":{"line":50,"column":25}},"45":{"start":{"line":51,"column":12},"end":{"line":51,"column":60}},"46":{"start":{"line":51,"column":60},"end":{"line":51,"column":null}},"47":{"start":{"line":51,"column":60},"end":{"line":51,"column":69}},"48":{"start":{"line":52,"column":14},"end":{"line":52,"column":null}},"49":{"start":{"line":58,"column":14},"end":{"line":58,"column":42}},"50":{"start":{"line":58,"column":42},"end":{"line":58,"column":47}},"51":{"start":{"line":58,"column":47},"end":{"line":58,"column":55}},"52":{"start":{"line":58,"column":55},"end":{"line":58,"column":99}},"53":{"start":{"line":58,"column":99},"end":{"line":58,"column":null}},"54":{"start":{"line":61,"column":12},"end":{"line":61,"column":57}},"55":{"start":{"line":61,"column":57},"end":{"line":61,"column":null}},"56":{"start":{"line":61,"column":57},"end":{"line":61,"column":66}},"57":{"start":{"line":61,"column":66},"end":{"line":61,"column":74}},"58":{"start":{"line":61,"column":74},"end":{"line":61,"column":null}},"59":{"start":{"line":62,"column":14},"end":{"line":62,"column":null}},"60":{"start":{"line":63,"column":16},"end":{"line":63,"column":null}},"61":{"start":{"line":64,"column":14},"end":{"line":64,"column":null}},"62":{"start":{"line":52,"column":42},"end":{"line":52,"column":72}},"63":{"start":{"line":52,"column":42},"end":{"line":52,"column":92}},"64":{"start":{"line":1,"column":0},"end":{"line":3,"column":null}},"65":{"start":{"line":4,"column":38},"end":{"line":4,"column":null}},"66":{"start":{"line":4,"column":38},"end":{"line":4,"column":64}},"67":{"start":{"line":5,"column":8},"end":{"line":5,"column":null}},"68":{"start":{"line":6,"column":10},"end":{"line":6,"column":null}},"69":{"start":{"line":8,"column":8},"end":{"line":8,"column":null}},"70":{"start":{"line":9,"column":8},"end":{"line":9,"column":12}},"71":{"start":{"line":9,"column":12},"end":{"line":9,"column":17}},"72":{"start":{"line":9,"column":17},"end":{"line":9,"column":23}},"73":{"start":{"line":9,"column":23},"end":{"line":9,"column":26}},"74":{"start":{"line":9,"column":26},"end":{"line":9,"column":null}},"75":{"start":{"line":12,"column":6},"end":{"line":12,"column":41}},"76":{"start":{"line":12,"column":41},"end":{"line":12,"column":70}},"77":{"start":{"line":12,"column":41},"end":{"line":12,"column":68}},"78":{"start":{"line":13,"column":8},"end":{"line":14,"column":null}},"79":{"start":{"line":16,"column":6},"end":{"line":16,"column":null}},"80":{"start":{"line":18,"column":6},"end":{"line":19,"column":null}},"81":{"start":{"line":20,"column":113},"end":{"line":20,"column":null}},"82":{"start":{"line":20,"column":113},"end":{"line":20,"column":139}},"83":{"start":{"line":21,"column":12},"end":{"line":21,"column":null}},"84":{"start":{"line":22,"column":10},"end":{"line":22,"column":null}},"85":{"start":{"line":23,"column":10},"end":{"line":29,"column":null}},"86":{"start":{"line":33,"column":8},"end":{"line":33,"column":null}},"87":{"start":{"line":35,"column":8},"end":{"line":35,"column":null}},"88":{"start":{"line":36,"column":61},"end":{"line":36,"column":104}},"89":{"start":{"line":36,"column":70},"end":{"line":36,"column":83}},"90":{"start":{"line":36,"column":83},"end":{"line":36,"column":102}},"91":{"start":{"line":37,"column":12},"end":{"line":37,"column":null}},"92":{"start":{"line":43,"column":10},"end":{"line":43,"column":null}},"93":{"start":{"line":45,"column":10},"end":{"line":45,"column":null}},"94":{"start":{"line":67,"column":8},"end":{"line":69,"column":null}},"95":{"start":{"line":72,"column":2},"end":{"line":72,"column":null}},"96":{"start":{"line":73,"column":4},"end":{"line":73,"column":null}},"97":{"start":{"line":74,"column":2},"end":{"line":74,"column":null}},"98":{"start":{"line":76,"column":2},"end":{"line":77,"column":null}},"99":{"start":{"line":78,"column":9},"end":{"line":78,"column":57}},"100":{"start":{"line":78,"column":57},"end":{"line":78,"column":null}},"101":{"start":{"line":79,"column":6},"end":{"line":79,"column":null}},"102":{"start":{"line":80,"column":37},"end":{"line":80,"column":64}},"103":{"start":{"line":80,"column":64},"end":{"line":80,"column":null}},"104":{"start":{"line":81,"column":8},"end":{"line":81,"column":20}},"105":{"start":{"line":81,"column":20},"end":{"line":81,"column":38}},"106":{"start":{"line":81,"column":38},"end":{"line":81,"column":null}},"107":{"start":{"line":82,"column":8},"end":{"line":82,"column":20}},"108":{"start":{"line":82,"column":20},"end":{"line":82,"column":27}},"109":{"start":{"line":82,"column":27},"end":{"line":85,"column":null}},"110":{"start":{"line":12,"column":70},"end":{"line":12,"column":null}},"111":{"start":{"line":18,"column":31},"end":{"line":18,"column":72}},"112":{"start":{"line":20,"column":54},"end":{"line":20,"column":113}},"113":{"start":{"line":23,"column":80},"end":{"line":23,"column":100}},"114":{"start":{"line":26,"column":78},"end":{"line":26,"column":98}},"115":{"start":{"line":29,"column":76},"end":{"line":29,"column":96}},"116":{"start":{"line":32,"column":77},"end":{"line":32,"column":94}},"117":{"start":{"line":36,"column":104},"end":{"line":36,"column":null}},"118":{"start":{"line":37,"column":145},"end":{"line":37,"column":165}},"119":{"start":{"line":40,"column":145},"end":{"line":40,"column":null}},"120":{"start":{"line":45,"column":25},"end":{"line":45,"column":46}},"121":{"start":{"line":50,"column":25},"end":{"line":50,"column":null}}},"fnMap":{"0":{"name":"AppComponent_a_19_Template_a_click_0_listener","decl":{"start":{"line":23,"column":100},"end":{"line":23,"column":109}},"loc":{"start":{"line":23,"column":100},"end":{"line":23,"column":128}},"line":23},"1":{"name":"AppComponent_a_20_Template_a_click_0_listener","decl":{"start":{"line":26,"column":98},"end":{"line":26,"column":107}},"loc":{"start":{"line":26,"column":98},"end":{"line":26,"column":126}},"line":26},"2":{"name":"AppComponent_a_21_Template_a_click_0_listener","decl":{"start":{"line":29,"column":96},"end":{"line":29,"column":105}},"loc":{"start":{"line":29,"column":96},"end":{"line":29,"column":124}},"line":29},"3":{"name":"AppComponent_a_22_Template_a_click_0_listener","decl":{"start":{"line":32,"column":94},"end":{"line":32,"column":103}},"loc":{"start":{"line":32,"column":94},"end":{"line":32,"column":122}},"line":32},"4":{"name":"AppComponent_ng_container_27_Template_button_click_1_listener","decl":{"start":{"line":46,"column":66},"end":{"line":46,"column":75}},"loc":{"start":{"line":46,"column":66},"end":{"line":46,"column":94}},"line":46},"5":{"name":"AppComponent_ng_container_27_Template_button_click_3_listener","decl":{"start":{"line":47,"column":67},"end":{"line":47,"column":76}},"loc":{"start":{"line":47,"column":67},"end":{"line":47,"column":95}},"line":47},"6":{"name":"AppComponent_ng_container_28_Template_div_click_1_listener","decl":{"start":{"line":51,"column":60},"end":{"line":51,"column":69}},"loc":{"start":{"line":51,"column":60},"end":{"line":51,"column":null}},"line":51},"7":{"name":"AppComponent_ng_container_28_Template_button_click_9_listener","decl":{"start":{"line":61,"column":57},"end":{"line":61,"column":66}},"loc":{"start":{"line":61,"column":57},"end":{"line":61,"column":null}},"line":61},"8":{"name":"AppComponent_Template_a_click_3_listener","decl":{"start":{"line":4,"column":38},"end":{"line":4,"column":47}},"loc":{"start":{"line":4,"column":38},"end":{"line":4,"column":null}},"line":4},"9":{"name":"AppComponent_Template_button_click_11_listener","decl":{"start":{"line":12,"column":41},"end":{"line":12,"column":50}},"loc":{"start":{"line":12,"column":41},"end":{"line":12,"column":70}},"line":12},"10":{"name":"AppComponent_Template_a_click_17_listener","decl":{"start":{"line":20,"column":113},"end":{"line":20,"column":122}},"loc":{"start":{"line":20,"column":113},"end":{"line":20,"column":null}},"line":20},"11":{"name":"AppComponent_Template_button_click_24_listener","decl":{"start":{"line":36,"column":61},"end":{"line":36,"column":70}},"loc":{"start":{"line":36,"column":61},"end":{"line":36,"column":104}},"line":36}},"branchMap":{"0":{"loc":{"start":{"line":53,"column":21},"end":{"line":53,"column":null}},"type":"cond-expr","locations":[{"start":{"line":53,"column":21},"end":{"line":53,"column":null}},{"start":{"line":53,"column":21},"end":{"line":53,"column":null}}],"line":53},"1":{"loc":{"start":{"line":56,"column":43},"end":{"line":56,"column":79}},"type":"cond-expr","locations":[{"start":{"line":56,"column":43},"end":{"line":56,"column":79}},{"start":{"line":56,"column":43},"end":{"line":56,"column":79}}],"line":56},"2":{"loc":{"start":{"line":52,"column":42},"end":{"line":52,"column":72}},"type":"cond-expr","locations":[{"start":{"line":52,"column":42},"end":{"line":52,"column":72}},{"start":{"line":52,"column":42},"end":{"line":52,"column":72}}],"line":52},"3":{"loc":{"start":{"line":58,"column":55},"end":{"line":58,"column":99}},"type":"cond-expr","locations":[{"start":{"line":58,"column":55},"end":{"line":58,"column":99}},{"start":{"line":58,"column":55},"end":{"line":58,"column":99}}],"line":58},"4":{"loc":{"start":{"line":36,"column":104},"end":{"line":36,"column":null}},"type":"cond-expr","locations":[{"start":{"line":36,"column":104},"end":{"line":36,"column":null}},{"start":{"line":36,"column":104},"end":{"line":36,"column":null}}],"line":36},"5":{"loc":{"start":{"line":50,"column":25},"end":{"line":50,"column":null}},"type":"binary-expr","locations":[{"start":{"line":50,"column":25},"end":{"line":50,"column":null}},{"start":{"line":50,"column":25},"end":{"line":50,"column":null}}],"line":50}},"s":{"0":2,"1":0,"2":0,"3":2,"4":2,"5":2,"6":0,"7":0,"8":2,"9":2,"10":2,"11":0,"12":0,"13":2,"14":2,"15":1,"16":0,"17":0,"18":1,"19":1,"20":2,"21":2,"22":2,"23":1,"24":1,"25":1,"26":1,"27":1,"28":0,"29":0,"30":1,"31":1,"32":1,"33":0,"34":0,"35":1,"36":1,"37":0,"38":0,"39":0,"40":0,"41":2,"42":4,"43":2,"44":2,"45":2,"46":0,"47":0,"48":2,"49":2,"50":2,"51":2,"52":4,"53":2,"54":2,"55":2,"56":0,"57":0,"58":0,"59":2,"60":2,"61":2,"62":4,"63":4,"64":7,"65":7,"66":0,"67":7,"68":7,"69":7,"70":7,"71":7,"72":7,"73":7,"74":7,"75":7,"76":7,"77":0,"78":7,"79":7,"80":7,"81":7,"82":0,"83":7,"84":7,"85":7,"86":7,"87":7,"88":7,"89":0,"90":0,"91":7,"92":7,"93":7,"94":7,"95":7,"96":7,"97":7,"98":7,"99":7,"100":7,"101":7,"102":7,"103":7,"104":7,"105":7,"106":7,"107":7,"108":7,"109":7,"110":6,"111":6,"112":6,"113":6,"114":6,"115":6,"116":6,"117":6,"118":6,"119":6,"120":6,"121":6},"f":{"0":0,"1":0,"2":0,"3":0,"4":0,"5":0,"6":0,"7":0,"8":0,"9":0,"10":0,"11":0},"b":{"0":[0,0],"1":[0,8],"2":[0,4],"3":[0,12],"4":[4,2],"5":[6,4]},"meta":{"lastBranch":6,"lastFunction":12,"lastStatement":122,"seen":{"s:23:10:23:80":0,"s:23:100:23:128":1,"f:23:100:23:109":0,"s:23:100:23:109":2,"s:24:12:24:Infinity":3,"s:25:10:25:Infinity":4,"s:26:10:26:78":5,"s:26:98:26:126":6,"f:26:98:26:107":1,"s:26:98:26:107":7,"s:27:12:27:Infinity":8,"s:28:10:28:Infinity":9,"s:29:10:29:76":10,"s:29:96:29:124":11,"f:29:96:29:105":2,"s:29:96:29:105":12,"s:30:12:30:Infinity":13,"s:31:10:31:Infinity":14,"s:32:10:32:77":15,"s:32:94:32:122":16,"f:32:94:32:103":3,"s:32:94:32:103":17,"s:32:122:32:127":18,"s:32:127:32:Infinity":19,"s:37:12:37:145":20,"s:38:14:38:Infinity":21,"s:39:12:39:Infinity":22,"s:40:12:40:145":23,"s:41:14:41:Infinity":24,"s:42:12:42:Infinity":25,"s:45:10:45:25":26,"s:46:12:46:66":27,"s:46:66:46:94":28,"f:46:66:46:75":4,"s:46:66:46:75":29,"s:46:94:46:100":30,"s:46:100:46:Infinity":31,"s:47:12:47:67":32,"s:47:67:47:95":33,"f:47:67:47:76":5,"s:47:67:47:76":34,"s:47:95:47:107":35,"s:47:107:47:Infinity":36,"s:52:14:52:42":37,"s:53:16:53:21":38,"s:54:14:54:Infinity":39,"s:53:21:53:Infinity":40,"b:53:21:53:Infinity:53:21:53:Infinity":0,"s:56:16:56:43":41,"s:56:43:56:79":42,"s:56:79:56:Infinity":43,"b:56:43:56:79:56:43:56:79":1,"s:50:10:50:25":44,"s:51:12:51:60":45,"s:51:60:51:Infinity":46,"f:51:60:51:69":6,"s:51:60:51:69":47,"s:52:14:52:Infinity":48,"s:58:14:58:42":49,"s:58:42:58:47":50,"s:58:47:58:55":51,"s:58:55:58:99":52,"s:58:99:58:Infinity":53,"s:61:12:61:57":54,"s:61:57:61:Infinity":55,"f:61:57:61:66":7,"s:61:57:61:66":56,"s:61:66:61:74":57,"s:61:74:61:Infinity":58,"s:62:14:62:Infinity":59,"s:63:16:63:Infinity":60,"s:64:14:64:Infinity":61,"s:52:42:52:72":62,"s:52:42:52:92":63,"b:52:42:52:72:52:42:52:72":2,"b:58:55:58:99:58:55:58:99":3,"s:1:0:3:Infinity":64,"s:4:38:4:Infinity":65,"f:4:38:4:47":8,"s:4:38:4:64":66,"s:5:8:5:Infinity":67,"s:6:10:6:Infinity":68,"s:8:8:8:Infinity":69,"s:9:8:9:12":70,"s:9:12:9:17":71,"s:9:17:9:23":72,"s:9:23:9:26":73,"s:9:26:9:Infinity":74,"s:12:6:12:41":75,"s:12:41:12:70":76,"f:12:41:12:50":9,"s:12:41:12:68":77,"s:13:8:14:Infinity":78,"s:16:6:16:Infinity":79,"s:18:6:19:Infinity":80,"s:20:113:20:Infinity":81,"f:20:113:20:122":10,"s:20:113:20:139":82,"s:21:12:21:Infinity":83,"s:22:10:22:Infinity":84,"s:23:10:29:Infinity":85,"s:33:8:33:Infinity":86,"s:35:8:35:Infinity":87,"s:36:61:36:104":88,"f:36:61:36:70":11,"s:36:70:36:83":89,"s:36:83:36:102":90,"s:37:12:37:Infinity":91,"s:43:10:43:Infinity":92,"s:45:10:45:Infinity":93,"s:67:8:69:Infinity":94,"s:72:2:72:Infinity":95,"s:73:4:73:Infinity":96,"s:74:2:74:Infinity":97,"s:76:2:77:Infinity":98,"s:78:9:78:57":99,"s:78:57:78:Infinity":100,"s:79:6:79:Infinity":101,"s:80:37:80:64":102,"s:80:64:80:Infinity":103,"s:81:8:81:20":104,"s:81:20:81:38":105,"s:81:38:81:Infinity":106,"s:82:8:82:20":107,"s:82:20:82:27":108,"s:82:27:85:Infinity":109,"s:12:70:12:Infinity":110,"s:18:31:18:72":111,"s:20:54:20:113":112,"s:23:80:23:100":113,"s:26:78:26:98":114,"s:29:76:29:96":115,"s:32:77:32:94":116,"s:36:104:36:Infinity":117,"b:36:104:36:Infinity:36:104:36:Infinity":4,"s:37:145:37:165":118,"s:40:145:40:Infinity":119,"s:45:25:45:46":120,"s:50:25:50:Infinity":121,"b:50:25:50:Infinity:50:25:50:Infinity":5},"fnNames":{}}}
,"/home/john/Desktop/ESTUDO_PESSOAL/DSC Rodrigo/AytyHub/AytyHub/NEXUSHUB/view/src/app/app.ts": {"path":"/home/john/Desktop/ESTUDO_PESSOAL/DSC Rodrigo/AytyHub/AytyHub/NEXUSHUB/view/src/app/app.ts","statementMap":{"0":{"start":{"line":13,"column":6},"end":{"line":9,"column":39}},"1":{"start":{"line":14,"column":21},"end":{"line":14,"column":null}},"2":{"start":{"line":15,"column":19},"end":{"line":15,"column":null}},"3":{"start":{"line":17,"column":21},"end":{"line":17,"column":null}},"4":{"start":{"line":18,"column":21},"end":{"line":18,"column":null}},"5":{"start":{"line":19,"column":21},"end":{"line":19,"column":null}},"6":{"start":{"line":20,"column":21},"end":{"line":20,"column":null}},"7":{"start":{"line":21,"column":21},"end":{"line":21,"column":null}},"8":{"start":{"line":13,"column":13},"end":{"line":9,"column":39}},"9":{"start":{"line":17,"column":49},"end":{"line":17,"column":78}},"10":{"start":{"line":18,"column":50},"end":{"line":18,"column":80}},"11":{"start":{"line":19,"column":46},"end":{"line":19,"column":72}},"12":{"start":{"line":24,"column":4},"end":{"line":24,"column":null}},"13":{"start":{"line":27,"column":4},"end":{"line":33,"column":null}},"14":{"start":{"line":28,"column":25},"end":{"line":28,"column":null}},"15":{"start":{"line":29,"column":6},"end":{"line":32,"column":null}},"16":{"start":{"line":30,"column":8},"end":{"line":30,"column":null}},"17":{"start":{"line":31,"column":8},"end":{"line":31,"column":null}},"18":{"start":{"line":37,"column":23},"end":{"line":37,"column":null}},"19":{"start":{"line":38,"column":24},"end":{"line":38,"column":null}},"20":{"start":{"line":39,"column":21},"end":{"line":39,"column":null}},"21":{"start":{"line":40,"column":4},"end":{"line":40,"column":null}},"22":{"start":{"line":41,"column":4},"end":{"line":41,"column":null}},"23":{"start":{"line":45,"column":4},"end":{"line":50,"column":null}},"24":{"start":{"line":46,"column":23},"end":{"line":46,"column":null}},"25":{"start":{"line":47,"column":6},"end":{"line":47,"column":null}},"26":{"start":{"line":48,"column":6},"end":{"line":48,"column":null}},"27":{"start":{"line":49,"column":6},"end":{"line":49,"column":null}},"28":{"start":{"line":54,"column":4},"end":{"line":54,"column":null}},"29":{"start":{"line":54,"column":43},"end":{"line":54,"column":48}},"30":{"start":{"line":58,"column":4},"end":{"line":58,"column":null}},"31":{"start":{"line":62,"column":4},"end":{"line":62,"column":null}},"32":{"start":{"line":63,"column":4},"end":{"line":63,"column":null}},"33":{"start":{"line":13,"column":13},"end":{"line":13,"column":null}},"34":{"start":{"line":13,"column":25},"end":{"line":85,"column":null}},"35":{"start":{"line":13,"column":13},"end":{"line":9,"column":null}}},"fnMap":{"0":{"name":"(anonymous_0)","decl":{"start":{"line":17,"column":43},"end":{"line":17,"column":49}},"loc":{"start":{"line":17,"column":49},"end":{"line":17,"column":78}},"line":17},"1":{"name":"(anonymous_1)","decl":{"start":{"line":18,"column":44},"end":{"line":18,"column":50}},"loc":{"start":{"line":18,"column":50},"end":{"line":18,"column":80}},"line":18},"2":{"name":"(anonymous_2)","decl":{"start":{"line":19,"column":40},"end":{"line":19,"column":46}},"loc":{"start":{"line":19,"column":46},"end":{"line":19,"column":72}},"line":19},"3":{"name":"ngOnInit","decl":{"start":{"line":23,"column":2},"end":{"line":23,"column":10}},"loc":{"start":{"line":23,"column":10},"end":{"line":34,"column":null}},"line":23},"4":{"name":"(anonymous_4)","decl":{"start":{"line":27,"column":81},"end":{"line":27,"column":82}},"loc":{"start":{"line":27,"column":87},"end":{"line":33,"column":5}},"line":27},"5":{"name":"applyTheme","decl":{"start":{"line":36,"column":10},"end":{"line":36,"column":20}},"loc":{"start":{"line":36,"column":20},"end":{"line":42,"column":null}},"line":36},"6":{"name":"toggleTheme","decl":{"start":{"line":44,"column":2},"end":{"line":44,"column":13}},"loc":{"start":{"line":44,"column":13},"end":{"line":51,"column":null}},"line":44},"7":{"name":"(anonymous_7)","decl":{"start":{"line":45,"column":27},"end":{"line":45,"column":28}},"loc":{"start":{"line":45,"column":36},"end":{"line":50,"column":5}},"line":45},"8":{"name":"toggleMobileMenu","decl":{"start":{"line":53,"column":2},"end":{"line":53,"column":18}},"loc":{"start":{"line":53,"column":18},"end":{"line":55,"column":null}},"line":53},"9":{"name":"(anonymous_9)","decl":{"start":{"line":54,"column":33},"end":{"line":54,"column":34}},"loc":{"start":{"line":54,"column":43},"end":{"line":54,"column":48}},"line":54},"10":{"name":"closeMobileMenu","decl":{"start":{"line":57,"column":2},"end":{"line":57,"column":17}},"loc":{"start":{"line":57,"column":17},"end":{"line":59,"column":null}},"line":57},"11":{"name":"logout","decl":{"start":{"line":61,"column":2},"end":{"line":61,"column":8}},"loc":{"start":{"line":61,"column":8},"end":{"line":64,"column":null}},"line":61},"12":{"name":"template","decl":{"start":{"line":13,"column":25},"end":{"line":13,"column":null}},"loc":{"start":{"line":13,"column":25},"end":{"line":9,"column":24}},"line":13}},"branchMap":{"0":{"loc":{"start":{"line":17,"column":78},"end":{"line":17,"column":null}},"type":"cond-expr","locations":[{"start":{"line":17,"column":78},"end":{"line":17,"column":null}}],"line":17},"1":{"loc":{"start":{"line":18,"column":80},"end":{"line":18,"column":null}},"type":"cond-expr","locations":[{"start":{"line":18,"column":80},"end":{"line":18,"column":null}}],"line":18},"2":{"loc":{"start":{"line":19,"column":72},"end":{"line":19,"column":null}},"type":"cond-expr","locations":[{"start":{"line":19,"column":72},"end":{"line":19,"column":null}}],"line":19},"3":{"loc":{"start":{"line":20,"column":52},"end":{"line":20,"column":null}},"type":"cond-expr","locations":[{"start":{"line":20,"column":52},"end":{"line":20,"column":null}}],"line":20},"4":{"loc":{"start":{"line":21,"column":46},"end":{"line":21,"column":null}},"type":"cond-expr","locations":[{"start":{"line":21,"column":46},"end":{"line":21,"column":null}}],"line":21},"5":{"loc":{"start":{"line":29,"column":6},"end":{"line":32,"column":null}},"type":"if","locations":[{"start":{"line":29,"column":6},"end":{"line":32,"column":null}},{"start":{},"end":{}}],"line":29},"6":{"loc":{"start":{"line":39,"column":21},"end":{"line":39,"column":null}},"type":"binary-expr","locations":[{"start":{"line":39,"column":21},"end":{"line":39,"column":47}},{"start":{"line":39,"column":47},"end":{"line":39,"column":62}},{"start":{"line":39,"column":62},"end":{"line":39,"column":null}}],"line":39},"7":{"loc":{"start":{"line":48,"column":45},"end":{"line":48,"column":72}},"type":"cond-expr","locations":[{"start":{"line":48,"column":56},"end":{"line":48,"column":65}},{"start":{"line":48,"column":65},"end":{"line":48,"column":72}}],"line":48},"8":{"loc":{"start":{"line":13,"column":13},"end":{"line":13,"column":25}},"type":"binary-expr","locations":[{"start":{"line":13,"column":13},"end":{"line":13,"column":25}},{"start":{"line":13,"column":13},"end":{"line":13,"column":25}}],"line":13},"9":{"loc":{"start":{"line":13,"column":25},"end":{"line":85,"column":null}},"type":"if","locations":[{"start":{"line":13,"column":25},"end":{"line":85,"column":null}},{"start":{},"end":{}}],"line":13},"10":{"loc":{"start":{"line":13,"column":13},"end":{"line":9,"column":null}},"type":"binary-expr","locations":[{"start":{"line":13,"column":13},"end":{"line":13,"column":25}},{"start":{"line":13,"column":13},"end":{"line":13,"column":25}},{"start":{"line":13,"column":13},"end":{"line":9,"column":null}}],"line":13},"11":{"loc":{"start":{"line":13,"column":13},"end":{"line":13,"column":null}},"type":"binary-expr","locations":[{"start":{"line":13,"column":13},"end":{"line":13,"column":25}},{"start":{"line":13,"column":13},"end":{"line":13,"column":25}},{"start":{"line":13,"column":13},"end":{"line":13,"column":null}}],"line":13}},"s":{"0":1,"1":7,"2":7,"3":7,"4":7,"5":7,"6":7,"7":7,"8":1,"9":3,"10":2,"11":3,"12":3,"13":3,"14":0,"15":0,"16":0,"17":0,"18":3,"19":3,"20":3,"21":3,"22":3,"23":1,"24":1,"25":1,"26":1,"27":1,"28":1,"29":1,"30":1,"31":1,"32":1,"33":1,"34":13,"35":1},"f":{"0":3,"1":2,"2":3,"3":3,"4":0,"5":3,"6":1,"7":1,"8":1,"9":1,"10":1,"11":1,"12":1},"b":{"0":[7],"1":[7],"2":[7],"3":[7],"4":[7],"5":[0,0],"6":[3,1,1],"7":[1,0],"8":[7,7],"9":[7,6],"10":[1,1,1],"11":[1,1,1]},"meta":{"lastBranch":12,"lastFunction":13,"lastStatement":36,"seen":{"s:13:6:9:39":0,"s:14:21:14:Infinity":1,"s:15:19:15:Infinity":2,"s:17:21:17:Infinity":3,"s:18:21:18:Infinity":4,"s:19:21:19:Infinity":5,"s:20:21:20:Infinity":6,"s:21:21:21:Infinity":7,"s:13:13:9:39":8,"f:17:43:17:49":0,"s:17:49:17:78":9,"b:17:78:17:Infinity":0,"f:18:44:18:50":1,"s:18:50:18:80":10,"b:18:80:18:Infinity":1,"f:19:40:19:46":2,"s:19:46:19:72":11,"b:19:72:19:Infinity":2,"b:20:52:20:Infinity":3,"b:21:46:21:Infinity":4,"f:23:2:23:10":3,"s:24:4:24:Infinity":12,"s:27:4:33:Infinity":13,"f:27:81:27:82":4,"s:28:25:28:Infinity":14,"b:29:6:32:Infinity:undefined:undefined:undefined:undefined":5,"s:29:6:32:Infinity":15,"s:30:8:30:Infinity":16,"s:31:8:31:Infinity":17,"f:36:10:36:20":5,"s:37:23:37:Infinity":18,"s:38:24:38:Infinity":19,"s:39:21:39:Infinity":20,"b:39:21:39:47:39:47:39:62:39:62:39:Infinity":6,"s:40:4:40:Infinity":21,"s:41:4:41:Infinity":22,"f:44:2:44:13":6,"s:45:4:50:Infinity":23,"f:45:27:45:28":7,"s:46:23:46:Infinity":24,"s:47:6:47:Infinity":25,"s:48:6:48:Infinity":26,"b:48:56:48:65:48:65:48:72":7,"s:49:6:49:Infinity":27,"f:53:2:53:18":8,"s:54:4:54:Infinity":28,"f:54:33:54:34":9,"s:54:43:54:48":29,"f:57:2:57:17":10,"s:58:4:58:Infinity":30,"f:61:2:61:8":11,"s:62:4:62:Infinity":31,"s:63:4:63:Infinity":32,"s:13:13:13:Infinity":33,"b:13:13:13:25:13:13:13:25":8,"f:13:25:13:Infinity":12,"b:13:25:85:Infinity:undefined:undefined:undefined:undefined":9,"s:13:25:85:Infinity":34,"s:13:13:9:Infinity":35,"b:13:13:13:25:13:13:13:25:13:13:9:Infinity":10,"b:13:13:13:25:13:13:13:25:13:13:13:Infinity":11},"fnNames":{}}}
,"/home/john/Desktop/ESTUDO_PESSOAL/DSC Rodrigo/AytyHub/AytyHub/NEXUSHUB/view/src/app/core/auth/auth.service.ts": {"path":"/home/john/Desktop/ESTUDO_PESSOAL/DSC Rodrigo/AytyHub/AytyHub/NEXUSHUB/view/src/app/core/auth/auth.service.ts","statementMap":{"0":{"start":{"line":67,"column":6},"end":{"line":65,"column":null}},"1":{"start":{"line":68,"column":19},"end":{"line":68,"column":null}},"2":{"start":{"line":69,"column":19},"end":{"line":69,"column":null}},"3":{"start":{"line":72,"column":11},"end":{"line":72,"column":null}},"4":{"start":{"line":73,"column":11},"end":{"line":73,"column":null}},"5":{"start":{"line":74,"column":11},"end":{"line":74,"column":null}},"6":{"start":{"line":67,"column":13},"end":{"line":65,"column":null}},"7":{"start":{"line":73,"column":39},"end":{"line":73,"column":66}},"8":{"start":{"line":74,"column":36},"end":{"line":74,"column":99}},"9":{"start":{"line":77,"column":4},"end":{"line":77,"column":null}},"10":{"start":{"line":81,"column":4},"end":{"line":83,"column":null}},"11":{"start":{"line":82,"column":17},"end":{"line":82,"column":31}},"12":{"start":{"line":83,"column":24},"end":{"line":83,"column":50}},"13":{"start":{"line":87,"column":4},"end":{"line":90,"column":null}},"14":{"start":{"line":89,"column":8},"end":{"line":89,"column":null}},"15":{"start":{"line":95,"column":4},"end":{"line":95,"column":null}},"16":{"start":{"line":99,"column":4},"end":{"line":99,"column":null}},"17":{"start":{"line":103,"column":4},"end":{"line":106,"column":null}},"18":{"start":{"line":105,"column":8},"end":{"line":105,"column":null}},"19":{"start":{"line":111,"column":4},"end":{"line":114,"column":null}},"20":{"start":{"line":113,"column":8},"end":{"line":113,"column":null}},"21":{"start":{"line":119,"column":4},"end":{"line":119,"column":null}},"22":{"start":{"line":120,"column":4},"end":{"line":120,"column":null}},"23":{"start":{"line":67,"column":13},"end":{"line":67,"column":null}},"24":{"start":{"line":67,"column":13},"end":{"line":66,"column":null}}},"fnMap":{"0":{"name":"(anonymous_0)","decl":{"start":{"line":73,"column":33},"end":{"line":73,"column":39}},"loc":{"start":{"line":73,"column":39},"end":{"line":73,"column":66}},"line":73},"1":{"name":"(anonymous_1)","decl":{"start":{"line":74,"column":30},"end":{"line":74,"column":36}},"loc":{"start":{"line":74,"column":36},"end":{"line":74,"column":99}},"line":74},"2":{"name":"constructor","decl":{"start":{"line":76,"column":2},"end":{"line":76,"column":null}},"loc":{"start":{"line":76,"column":2},"end":{"line":78,"column":null}},"line":76},"3":{"name":"loadSession","decl":{"start":{"line":80,"column":10},"end":{"line":80,"column":21}},"loc":{"start":{"line":80,"column":21},"end":{"line":84,"column":null}},"line":80},"4":{"name":"(anonymous_4)","decl":{"start":{"line":82,"column":17},"end":{"line":82,"column":23}},"loc":{"start":{"line":82,"column":17},"end":{"line":82,"column":31}},"line":82},"5":{"name":"(anonymous_5)","decl":{"start":{"line":83,"column":16},"end":{"line":83,"column":24}},"loc":{"start":{"line":83,"column":24},"end":{"line":83,"column":50}},"line":83},"6":{"name":"login","decl":{"start":{"line":86,"column":2},"end":{"line":86,"column":8}},"loc":{"start":{"line":86,"column":33},"end":{"line":92,"column":null}},"line":86},"7":{"name":"(anonymous_7)","decl":{"start":{"line":88,"column":10},"end":{"line":88,"column":17}},"loc":{"start":{"line":88,"column":17},"end":{"line":90,"column":7}},"line":88},"8":{"name":"cadastrar","decl":{"start":{"line":94,"column":2},"end":{"line":94,"column":12}},"loc":{"start":{"line":94,"column":36},"end":{"line":96,"column":null}},"line":94},"9":{"name":"redefinirSenha","decl":{"start":{"line":98,"column":2},"end":{"line":98,"column":17}},"loc":{"start":{"line":98,"column":47},"end":{"line":100,"column":null}},"line":98},"10":{"name":"atualizarPerfil","decl":{"start":{"line":102,"column":2},"end":{"line":102,"column":18}},"loc":{"start":{"line":102,"column":42},"end":{"line":108,"column":null}},"line":102},"11":{"name":"(anonymous_11)","decl":{"start":{"line":104,"column":10},"end":{"line":104,"column":24}},"loc":{"start":{"line":104,"column":24},"end":{"line":106,"column":7}},"line":104},"12":{"name":"completarOnboarding","decl":{"start":{"line":110,"column":2},"end":{"line":110,"column":22}},"loc":{"start":{"line":110,"column":53},"end":{"line":116,"column":null}},"line":110},"13":{"name":"(anonymous_13)","decl":{"start":{"line":112,"column":10},"end":{"line":112,"column":24}},"loc":{"start":{"line":112,"column":24},"end":{"line":114,"column":7}},"line":112},"14":{"name":"logout","decl":{"start":{"line":118,"column":2},"end":{"line":118,"column":8}},"loc":{"start":{"line":118,"column":8},"end":{"line":121,"column":null}},"line":118}},"branchMap":{"0":{"loc":{"start":{"line":72,"column":60},"end":{"line":72,"column":null}},"type":"cond-expr","locations":[{"start":{"line":72,"column":60},"end":{"line":72,"column":null}}],"line":72},"1":{"loc":{"start":{"line":73,"column":66},"end":{"line":73,"column":null}},"type":"cond-expr","locations":[{"start":{"line":73,"column":66},"end":{"line":73,"column":null}}],"line":73},"2":{"loc":{"start":{"line":74,"column":67},"end":{"line":74,"column":98}},"type":"binary-expr","locations":[{"start":{"line":74,"column":67},"end":{"line":74,"column":96}},{"start":{"line":74,"column":96},"end":{"line":74,"column":98}}],"line":74},"3":{"loc":{"start":{"line":74,"column":99},"end":{"line":74,"column":null}},"type":"cond-expr","locations":[{"start":{"line":74,"column":99},"end":{"line":74,"column":null}}],"line":74},"4":{"loc":{"start":{"line":67,"column":13},"end":{"line":67,"column":24}},"type":"binary-expr","locations":[{"start":{"line":67,"column":13},"end":{"line":67,"column":24}},{"start":{"line":67,"column":13},"end":{"line":67,"column":24}}],"line":67},"5":{"loc":{"start":{"line":67,"column":13},"end":{"line":66,"column":null}},"type":"binary-expr","locations":[{"start":{"line":67,"column":13},"end":{"line":67,"column":24}},{"start":{"line":67,"column":13},"end":{"line":67,"column":24}},{"start":{"line":67,"column":13},"end":{"line":66,"column":null}}],"line":67}},"s":{"0":2,"1":7,"2":7,"3":7,"4":7,"5":7,"6":2,"7":2,"8":2,"9":7,"10":7,"11":0,"12":7,"13":1,"14":1,"15":1,"16":1,"17":1,"18":1,"19":1,"20":1,"21":1,"22":1,"23":7,"24":2},"f":{"0":2,"1":2,"2":7,"3":7,"4":0,"5":7,"6":1,"7":1,"8":1,"9":1,"10":1,"11":1,"12":1,"13":1,"14":1},"b":{"0":[7],"1":[7],"2":[2,1],"3":[7],"4":[7,7],"5":[2,2,2]},"meta":{"lastBranch":6,"lastFunction":15,"lastStatement":25,"seen":{"s:67:6:65:Infinity":0,"s:68:19:68:Infinity":1,"s:69:19:69:Infinity":2,"s:72:11:72:Infinity":3,"s:73:11:73:Infinity":4,"s:74:11:74:Infinity":5,"s:67:13:65:Infinity":6,"b:72:60:72:Infinity":0,"f:73:33:73:39":0,"s:73:39:73:66":7,"b:73:66:73:Infinity":1,"f:74:30:74:36":1,"s:74:36:74:99":8,"b:74:67:74:96:74:96:74:98":2,"b:74:99:74:Infinity":3,"f:76:2:76:Infinity":2,"s:77:4:77:Infinity":9,"f:80:10:80:21":3,"s:81:4:83:Infinity":10,"f:82:17:82:23":4,"s:82:17:82:31":11,"f:83:16:83:24":5,"s:83:24:83:50":12,"f:86:2:86:8":6,"s:87:4:90:Infinity":13,"f:88:10:88:17":7,"s:89:8:89:Infinity":14,"f:94:2:94:12":8,"s:95:4:95:Infinity":15,"f:98:2:98:17":9,"s:99:4:99:Infinity":16,"f:102:2:102:18":10,"s:103:4:106:Infinity":17,"f:104:10:104:24":11,"s:105:8:105:Infinity":18,"f:110:2:110:22":12,"s:111:4:114:Infinity":19,"f:112:10:112:24":13,"s:113:8:113:Infinity":20,"f:118:2:118:8":14,"s:119:4:119:Infinity":21,"s:120:4:120:Infinity":22,"s:67:13:67:Infinity":23,"b:67:13:67:24:67:13:67:24":4,"s:67:13:66:Infinity":24,"b:67:13:67:24:67:13:67:24:67:13:66:Infinity":5},"fnNames":{}}}
,"/home/john/Desktop/ESTUDO_PESSOAL/DSC Rodrigo/AytyHub/AytyHub/NEXUSHUB/view/src/app/core/config/api.config.ts": {"path":"/home/john/Desktop/ESTUDO_PESSOAL/DSC Rodrigo/AytyHub/AytyHub/NEXUSHUB/view/src/app/core/config/api.config.ts","statementMap":{"0":{"start":{"line":1,"column":26},"end":{"line":1,"column":null}},"1":{"start":{"line":3,"column":24},"end":{"line":6,"column":null}},"2":{"start":{"line":9,"column":41},"end":{"line":9,"column":null}},"3":{"start":{"line":11,"column":2},"end":{"line":13,"column":null}},"4":{"start":{"line":12,"column":4},"end":{"line":12,"column":null}},"5":{"start":{"line":15,"column":2},"end":{"line":17,"column":null}},"6":{"start":{"line":16,"column":4},"end":{"line":16,"column":null}},"7":{"start":{"line":19,"column":2},"end":{"line":19,"column":null}},"8":{"start":{"line":23,"column":25},"end":{"line":23,"column":null}},"9":{"start":{"line":24,"column":2},"end":{"line":24,"column":null}}},"fnMap":{"0":{"name":"getApiBaseUrl","decl":{"start":{"line":8,"column":16},"end":{"line":8,"column":29}},"loc":{"start":{"line":8,"column":29},"end":{"line":20,"column":null}},"line":8},"1":{"name":"apiUrl","decl":{"start":{"line":22,"column":16},"end":{"line":22,"column":23}},"loc":{"start":{"line":22,"column":35},"end":{"line":25,"column":null}},"line":22}},"branchMap":{"0":{"loc":{"start":{"line":11,"column":2},"end":{"line":13,"column":null}},"type":"if","locations":[{"start":{"line":11,"column":2},"end":{"line":13,"column":null}},{"start":{},"end":{}}],"line":11},"1":{"loc":{"start":{"line":11,"column":6},"end":{"line":11,"column":60}},"type":"binary-expr","locations":[{"start":{"line":11,"column":6},"end":{"line":11,"column":34}},{"start":{"line":11,"column":34},"end":{"line":11,"column":60}}],"line":11},"2":{"loc":{"start":{"line":15,"column":2},"end":{"line":17,"column":null}},"type":"if","locations":[{"start":{"line":15,"column":2},"end":{"line":17,"column":null}},{"start":{},"end":{}}],"line":15},"3":{"loc":{"start":{"line":23,"column":25},"end":{"line":23,"column":null}},"type":"cond-expr","locations":[{"start":{"line":23,"column":48},"end":{"line":23,"column":55}},{"start":{"line":23,"column":55},"end":{"line":23,"column":null}}],"line":23}},"s":{"0":3,"1":3,"2":12,"3":12,"4":10,"5":2,"6":1,"7":1,"8":9,"9":9},"f":{"0":12,"1":9},"b":{"0":[10,2],"1":[12,2],"2":[1,1],"3":[8,1]},"meta":{"lastBranch":4,"lastFunction":2,"lastStatement":10,"seen":{"s:1:26:1:Infinity":0,"s:3:24:6:Infinity":1,"f:8:16:8:29":0,"s:9:41:9:Infinity":2,"b:11:2:13:Infinity:undefined:undefined:undefined:undefined":0,"s:11:2:13:Infinity":3,"b:11:6:11:34:11:34:11:60":1,"s:12:4:12:Infinity":4,"b:15:2:17:Infinity:undefined:undefined:undefined:undefined":2,"s:15:2:17:Infinity":5,"s:16:4:16:Infinity":6,"s:19:2:19:Infinity":7,"f:22:16:22:23":1,"s:23:25:23:Infinity":8,"b:23:48:23:55:23:55:23:Infinity":3,"s:24:2:24:Infinity":9},"fnNames":{}}}
}
