<?xml version="1.0" encoding="UTF-8" standalone="yes"?><!DOCTYPE report PUBLIC "-//JACOCO//DTD Report 1.1//EN" "report.dtd"><report name="NEXUS HUB Model"><sessioninfo id="john-notebook-d0d48cf3" start="1783428930390" dump="1783428934003"/><package name="br/ufpb/dsc/nexushub/model/groups/repository"><class name="br/ufpb/dsc/nexushub/model/groups/repository/GroupRepository" sourcefilename="GroupRepository.java"/><class name="br/ufpb/dsc/nexushub/model/groups/repository/GroupHumanMemberRepository" sourcefilename="GroupHumanMemberRepository.java"/><sourcefile name="GroupHumanMemberRepository.java"/><sourcefile name="GroupRepository.java"/></package><package name="br/ufpb/dsc/nexushub/model/groups/service"><class name="br/ufpb/dsc/nexushub/model/groups/service/GroupService" sourcefilename="GroupService.java"/><sourcefile name="GroupService.java"/></package><package name="br/ufpb/dsc/nexushub/model/payments/service"><class name="br/ufpb/dsc/nexushub/model/payments/service/PaymentGateway$GatewayVerification" sourcefilename="PaymentGateway.java"><method name="&lt;init&gt;" desc="(Lbr/ufpb/dsc/nexushub/model/payments/service/PaymentGateway$GatewayStatus;Ljava/lang/String;)V" line="7"><counter type="INSTRUCTION" missed="0" covered="9"/><counter type="LINE" missed="0" covered="1"/><counter type="COMPLEXITY" missed="0" covered="1"/><counter type="METHOD" missed="0" covered="1"/></method><counter type="INSTRUCTION" missed="0" covered="9"/><counter type="LINE" missed="0" covered="1"/><counter type="COMPLEXITY" missed="0" covered="1"/><counter type="METHOD" missed="0" covered="1"/><counter type="CLASS" missed="0" covered="1"/></class><class name="br/ufpb/dsc/nexushub/model/payments/service/PaymentService" sourcefilename="PaymentService.java"><method name="&lt;init&gt;" desc="(Lbr/ufpb/dsc/nexushub/model/payments/repository/ProductRepository;Lbr/ufpb/dsc/nexushub/model/payments/repository/PaymentOrderRepository;Lbr/ufpb/dsc/nexushub/model/payments/repository/PaymentWebhookRepository;Lbr/ufpb/dsc/nexushub/model/payments/service/PaymentGateway;Lbr/ufpb/dsc/nexushub/model/administration/service/FeatureFlagService;)V" line="12"><counter type="INSTRUCTION" missed="0" covered="18"/><counter type="LINE" missed="0" covered="3"/><counter type="COMPLEXITY" missed="0" covered="1"/><counter type="METHOD" missed="0" covered="1"/></method><method name="products" desc="()Ljava/util/List;" line="15"><counter type="INSTRUCTION" missed="0" covered="4"/><counter type="LINE" missed="0" covered="1"/><counter type="COMPLEXITY" missed="0" covered="1"/><counter type="METHOD" missed="0" covered="1"/></method><method name="orders" desc="(Ljava/util/UUID;)Ljava/util/List;" line="16"><counter type="INSTRUCTION" missed="0" covered="5"/><counter type="LINE" missed="0" covered="1"/><counter type="COMPLEXITY" missed="0" covered="1"/><counter type="METHOD" missed="0" covered="1"/></method><method name="checkout" desc="(Ljava/util/UUID;Ljava/util/UUID;Ljava/lang/String;)Lbr/ufpb/dsc/nexushub/model/payments/domain/PaymentOrder;" line="18"><counter type="INSTRUCTION" missed="0" covered="68"/><counter type="BRANCH" missed="1" covered="7"/><counter type="LINE" missed="0" covered="9"/><counter type="COMPLEXITY" missed="1" covered="4"/><counter type="METHOD" missed="0" covered="1"/></method><method name="processWebhook" desc="(Ljava/lang/String;Ljava/lang/String;Ljava/lang/String;)Z" line="29"><counter type="INSTRUCTION" missed="0" covered="74"/><counter type="BRANCH" missed="2" covered="8"/><counter type="LINE" missed="0" covered="9"/><counter type="COMPLEXITY" missed="2" covered="4"/><counter type="METHOD" missed="0" covered="1"/></method><method name="lambda$processWebhook$1" desc="()Ljava/lang/IllegalArgumentException;" line="34"><counter type="INSTRUCTION" missed="5" covered="0"/><counter type="LINE" missed="1" covered="0"/><counter type="COMPLEXITY" missed="1" covered="0"/><counter type="METHOD" missed="1" covered="0"/></method><method name="lambda$checkout$0" desc="()Ljava/lang/IllegalArgumentException;" line="22"><counter type="INSTRUCTION" missed="0" covered="5"/><counter type="LINE" missed="0" covered="1"/><counter type="COMPLEXITY" missed="0" covered="1"/><counter type="METHOD" missed="0" covered="1"/></method><counter type="INSTRUCTION" missed="5" covered="174"/><counter type="BRANCH" missed="3" covered="15"/><counter type="LINE" missed="0" covered="23"/><counter type="COMPLEXITY" missed="4" covered="12"/><counter type="METHOD" missed="1" covered="6"/><counter type="CLASS" missed="0" covered="1"/></class><class name="br/ufpb/dsc/nexushub/model/payments/service/PaymentGateway" sourcefilename="PaymentGateway.java"/><class name="br/ufpb/dsc/nexushub/model/payments/service/PaymentGateway$GatewayCheckout" sourcefilename="PaymentGateway.java"><method name="&lt;init&gt;" desc="(Ljava/lang/String;Ljava/lang/String;)V" line="6"><counter type="INSTRUCTION" missed="0" covered="9"/><counter type="LINE" missed="0" covered="1"/><counter type="COMPLEXITY" missed="0" covered="1"/><counter type="METHOD" missed="0" covered="1"/></method><counter type="INSTRUCTION" missed="0" covered="9"/><counter type="LINE" missed="0" covered="1"/><counter type="COMPLEXITY" missed="0" covered="1"/><counter type="METHOD" missed="0" covered="1"/><counter type="CLASS" missed="0" covered="1"/></class><class name="br/ufpb/dsc/nexushub/model/payments/service/PaymentGateway$GatewayStatus" sourcefilename="PaymentGateway.java"><method name="&lt;clinit&gt;" desc="()V" line="8"><counter type="INSTRUCTION" missed="0" covered="21"/><counter type="LINE" missed="0" covered="1"/><counter type="COMPLEXITY" missed="0" covered="1"/><counter type="METHOD" missed="0" covered="1"/></method><counter type="INSTRUCTION" missed="0" covered="21"/><counter type="LINE" missed="0" covered="1"/><counter type="COMPLEXITY" missed="0" covered="1"/><counter type="METHOD" missed="0" covered="1"/><counter type="CLASS" missed="0" covered="1"/></class><sourcefile name="PaymentGateway.java"><line nr="6" mi="0" ci="9" mb="0" cb="0"/><line nr="7" mi="0" ci="9" mb="0" cb="0"/><line nr="8" mi="0" ci="21" mb="0" cb="0"/><counter type="INSTRUCTION" missed="0" covered="39"/><counter type="LINE" missed="0" covered="3"/><counter type="COMPLEXITY" missed="0" covered="3"/><counter type="METHOD" missed="0" covered="3"/><counter type="CLASS" missed="0" covered="3"/></sourcefile><sourcefile name="PaymentService.java"><line nr="12" mi="0" ci="2" mb="0" cb="0"/><line nr="13" mi="0" ci="15" mb="0" cb="0"/><line nr="14" mi="0" ci="1" mb="0" cb="0"/><line nr="15" mi="0" ci="4" mb="0" cb="0"/><line nr="16" mi="0" ci="5" mb="0" cb="0"/><line nr="18" mi="0" ci="10" mb="0" cb="2"/><line nr="19" mi="0" ci="10" mb="1" cb="3"/><line nr="20" mi="0" ci="5" mb="0" cb="0"/><line nr="21" mi="0" ci="7" mb="0" cb="2"/><line nr="22" mi="0" ci="13" mb="0" cb="0"/><line nr="23" mi="0" ci="11" mb="0" cb="0"/><line nr="24" mi="0" ci="5" mb="0" cb="0"/><line nr="25" mi="0" ci="6" mb="0" cb="0"/><line nr="26" mi="0" ci="6" mb="0" cb="0"/><line nr="29" mi="0" ci="10" mb="1" cb="3"/><line nr="30" mi="0" ci="8" mb="0" cb="2"/><line nr="31" mi="0" ci="5" mb="0" cb="0"/><line nr="33" mi="0" ci="11" mb="0" cb="0"/><line nr="34" mi="5" ci="8" mb="0" cb="0"/><line nr="35" mi="0" ci="3" mb="0" cb="0"/><line nr="36" mi="0" ci="11" mb="1" cb="3"/><line nr="37" mi="0" ci="11" mb="0" cb="0"/><line nr="38" mi="0" ci="7" mb="0" cb="0"/><counter type="INSTRUCTION" missed="5" covered="174"/><counter type="BRANCH" missed="3" covered="15"/><counter type="LINE" missed="0" covered="23"/><counter type="COMPLEXITY" missed="4" covered="12"/><counter type="METHOD" missed="1" covered="6"/><counter type="CLASS" missed="0" covered="1"/></sourcefile><counter type="INSTRUCTION" missed="5" covered="213"/><counter type="BRANCH" missed="3" covered="15"/><counter type="LINE" missed="0" covered="26"/><counter type="COMPLEXITY" missed="4" covered="15"/><counter type="METHOD" missed="1" covered="9"/><counter type="CLASS" missed="0" covered="4"/></package><package name="br/ufpb/dsc/nexushub/model/identity/service"><class name="br/ufpb/dsc/nexushub/model/identity/service/IdentityService" sourcefilename="IdentityService.java"/><sourcefile name="IdentityService.java"/></package><package name="br/ufpb/dsc/nexushub/model/projects/service"><class name="br/ufpb/dsc/nexushub/model/projects/service/ProjectService" sourcefilename="ProjectService.java"/><sourcefile name="ProjectService.java"/></package><package name="br/ufpb/dsc/nexushub/model/projects/repository"><class name="br/ufpb/dsc/nexushub/model/projects/repository/TagRepository" sourcefilename="TagRepository.java"/><class name="br/ufpb/dsc/nexushub/model/projects/repository/ProjectRequestRepository" sourcefilename="ProjectRequestRepository.java"/><class name="br/ufpb/dsc/nexushub/model/projects/repository/ProjectHumanMemberRepository" sourcefilename="ProjectHumanMemberRepository.java"/><class name="br/ufpb/dsc/nexushub/model/projects/repository/ProjectRepository" sourcefilename="ProjectRepository.java"/><class name="br/ufpb/dsc/nexushub/model/projects/repository/ProjectTagRepository" sourcefilename="ProjectTagRepository.java"/><sourcefile name="TagRepository.java"/><sourcefile name="ProjectRequestRepository.java"/><sourcefile name="ProjectTagRepository.java"/><sourcefile name="ProjectHumanMemberRepository.java"/><sourcefile name="ProjectRepository.java"/></package><package name="br/ufpb/dsc/nexushub/model/payments/repository"><class name="br/ufpb/dsc/nexushub/model/payments/repository/PaymentOrderRepository" sourcefilename="PaymentOrderRepository.java"/><class name="br/ufpb/dsc/nexushub/model/payments/repository/PaymentWebhookRepository" sourcefilename="PaymentWebhookRepository.java"/><class name="br/ufpb/dsc/nexushub/model/payments/repository/ProductRepository" sourcefilename="ProductRepository.java"/><sourcefile name="PaymentWebhookRepository.java"/><sourcefile name="PaymentOrderRepository.java"/><sourcefile name="ProductRepository.java"/></package><package name="br/ufpb/dsc/nexushub/model/privacy/repository"><class name="br/ufpb/dsc/nexushub/model/privacy/repository/ConsentRepository" sourcefilename="ConsentRepository.java"/><class name="br/ufpb/dsc/nexushub/model/privacy/repository/DataSubjectRequestRepository" sourcefilename="DataSubjectRequestRepository.java"/><sourcefile name="ConsentRepository.java"/><sourcefile name="DataSubjectRequestRepository.java"/></package><package name="br/ufpb/dsc/nexushub/model/identity/repository"><class name="br/ufpb/dsc/nexushub/model/identity/repository/UserRepository" sourcefilename="UserRepository.java"/><class name="br/ufpb/dsc/nexushub/model/identity/repository/RoleRepository" sourcefilename="RoleRepository.java"/><sourcefile name="UserRepository.java"/><sourcefile name="RoleRepository.java"/></package><package name="br/ufpb/dsc/nexushub/model/projects/service/impl"><class name="br/ufpb/dsc/nexushub/model/projects/service/impl/ProjectServiceImpl" sourcefilename="ProjectServiceImpl.java"><method name="&lt;init&gt;" desc="(Lbr/ufpb/dsc/nexushub/model/projects/repository/ProjectRepository;Lbr/ufpb/dsc/nexushub/model/projects/repository/ProjectTagRepository;Lbr/ufpb/dsc/nexushub/model/projects/repository/TagRepository;Lbr/ufpb/dsc/nexushub/model/projects/repository/ProjectRequestRepository;Lbr/ufpb/dsc/nexushub/model/projects/repository/ProjectHumanMemberRepository;Lbr/ufpb/dsc/nexushub/model/people/repository/HumanRepository;Lbr/ufpb/dsc/nexushub/model/groups/repository/GroupRepository;Lbr/ufpb/dsc/nexushub/model/identity/repository/UserRepository;Lbr/ufpb/dsc/nexushub/model/identity/service/IdentityService;)V" line="52"><counter type="INSTRUCTION" missed="0" covered="30"/><counter type="LINE" missed="0" covered="11"/><counter type="COMPLEXITY" missed="0" covered="1"/><counter type="METHOD" missed="0" covered="1"/></method><method name="listPublishedProjects" desc="()Ljava/util/List;" line="67"><counter type="INSTRUCTION" missed="0" covered="8"/><counter type="LINE" missed="0" covered="3"/><counter type="COMPLEXITY" missed="0" covered="1"/><counter type="METHOD" missed="0" covered="1"/></method><method name="listProjects" desc="(Ljava/lang/String;Ljava/lang/String;)Ljava/util/List;" line="75"><counter type="INSTRUCTION" missed="0" covered="27"/><counter type="BRANCH" missed="1" covered="3"/><counter type="LINE" missed="0" covered="9"/><counter type="COMPLEXITY" missed="1" covered="2"/><counter type="METHOD" missed="0" covered="1"/></method><method name="listProjectsByAuthor" desc="(Ljava/lang/String;)Ljava/util/List;" line="90"><counter type="INSTRUCTION" missed="0" covered="5"/><counter type="LINE" missed="0" covered="1"/><counter type="COMPLEXITY" missed="0" covered="1"/><counter type="METHOD" missed="0" covered="1"/></method><method name="listHotProjects" desc="()Ljava/util/List;" line="96"><counter type="INSTRUCTION" missed="0" covered="10"/><counter type="LINE" missed="0" covered="3"/><counter type="COMPLEXITY" missed="0" covered="1"/><counter type="METHOD" missed="0" covered="1"/></method><method name="listRecentProjects" desc="()Ljava/util/List;" line="104"><counter type="INSTRUCTION" missed="0" covered="10"/><counter type="LINE" missed="0" covered="3"/><counter type="COMPLEXITY" missed="0" covered="1"/><counter type="METHOD" missed="0" covered="1"/></method><method name="listCollaborativeProjects" desc="()Ljava/util/List;" line="112"><counter type="INSTRUCTION" missed="0" covered="3"/><counter type="LINE" missed="0" covered="1"/><counter type="COMPLEXITY" missed="0" covered="1"/><counter type="METHOD" missed="0" covered="1"/></method><method name="getProject" desc="(Ljava/util/UUID;)Lbr/ufpb/dsc/nexushub/model/projects/domain/Project;" line="118"><counter type="INSTRUCTION" missed="0" covered="8"/><counter type="LINE" missed="0" covered="2"/><counter type="COMPLEXITY" missed="0" covered="1"/><counter type="METHOD" missed="0" covered="1"/></method><method name="createProject" desc="(Ljava/util/UUID;Ljava/util/UUID;Ljava/lang/String;Ljava/lang/String;Ljava/lang/String;Ljava/lang/Integer;Ljava/util/UUID;)Lbr/ufpb/dsc/nexushub/model/projects/domain/Project;" line="125"><counter type="INSTRUCTION" missed="7" covered="53"/><counter type="BRANCH" missed="1" covered="3"/><counter type="LINE" missed="0" covered="8"/><counter type="COMPLEXITY" missed="1" covered="2"/><counter type="METHOD" missed="0" covered="1"/></method><method name="createProject" desc="(Lbr/ufpb/dsc/nexushub/model/dto/ProjetoRequest;)Lbr/ufpb/dsc/nexushub/model/projects/domain/Project;" line="138"><counter type="INSTRUCTION" missed="0" covered="59"/><counter type="LINE" missed="0" covered="19"/><counter type="COMPLEXITY" missed="0" covered="1"/><counter type="METHOD" missed="0" covered="1"/></method><method name="requestMembership" desc="(Ljava/util/UUID;Ljava/util/UUID;Ljava/lang/String;Ljava/util/UUID;)Lbr/ufpb/dsc/nexushub/model/projects/domain/ProjectRequest;" line="164"><counter type="INSTRUCTION" missed="0" covered="35"/><counter type="LINE" missed="0" covered="6"/><counter type="COMPLEXITY" missed="0" covered="1"/><counter type="METHOD" missed="0" covered="1"/></method><method name="requestMembership" desc="(Lbr/ufpb/dsc/nexushub/model/dto/SolicitacaoRequest;)Lbr/ufpb/dsc/nexushub/model/projects/domain/ProjectRequest;" line="177"><counter type="INSTRUCTION" missed="0" covered="16"/><counter type="LINE" missed="0" covered="2"/><counter type="COMPLEXITY" missed="0" covered="1"/><counter type="METHOD" missed="0" covered="1"/></method><method name="listRequestsByProject" desc="(Ljava/util/UUID;)Ljava/util/List;" line="184"><counter type="INSTRUCTION" missed="0" covered="7"/><counter type="LINE" missed="0" covered="1"/><counter type="COMPLEXITY" missed="0" covered="1"/><counter type="METHOD" missed="0" covered="1"/></method><method name="respondMembershipRequest" desc="(Ljava/util/UUID;Z)V" line="190"><counter type="INSTRUCTION" missed="0" covered="36"/><counter type="BRANCH" missed="0" covered="2"/><counter type="LINE" missed="0" covered="9"/><counter type="COMPLEXITY" missed="0" covered="2"/><counter type="METHOD" missed="0" covered="1"/></method><method name="approveMembershipRequest" desc="(Ljava/util/UUID;Ljava/util/UUID;Ljava/util/UUID;)Lbr/ufpb/dsc/nexushub/model/projects/domain/ProjectHumanMember;" line="204"><counter type="INSTRUCTION" missed="0" covered="39"/><counter type="LINE" missed="0" covered="8"/><counter type="COMPLEXITY" missed="0" covered="1"/><counter type="METHOD" missed="0" covered="1"/></method><method name="resolveOwner" desc="(Lbr/ufpb/dsc/nexushub/model/dto/ProjetoRequest;)Lbr/ufpb/dsc/nexushub/model/identity/domain/User;" line="215"><counter type="INSTRUCTION" missed="16" covered="24"/><counter type="BRANCH" missed="3" covered="3"/><counter type="LINE" missed="4" covered="6"/><counter type="COMPLEXITY" missed="2" covered="2"/><counter type="METHOD" missed="0" covered="1"/></method><method name="resolveRequester" desc="(Lbr/ufpb/dsc/nexushub/model/dto/SolicitacaoRequest;)Lbr/ufpb/dsc/nexushub/model/identity/domain/User;" line="232"><counter type="INSTRUCTION" missed="13" covered="26"/><counter type="BRANCH" missed="2" covered="4"/><counter type="LINE" missed="3" covered="5"/><counter type="COMPLEXITY" missed="2" covered="2"/><counter type="METHOD" missed="0" covered="1"/></method><method name="parseType" desc="(Ljava/lang/String;Ljava/lang/Integer;)Ljava/lang/Integer;" line="248"><counter type="INSTRUCTION" missed="3" covered="12"/><counter type="BRANCH" missed="2" covered="2"/><counter type="LINE" missed="0" covered="3"/><counter type="COMPLEXITY" missed="2" covered="1"/><counter type="METHOD" missed="0" covered="1"/></method><method name="syncProjectTags" desc="(Lbr/ufpb/dsc/nexushub/model/projects/domain/Project;Ljava/lang/String;Ljava/util/UUID;)V" line="255"><counter type="INSTRUCTION" missed="2" covered="57"/><counter type="BRANCH" missed="4" covered="6"/><counter type="LINE" missed="2" covered="8"/><counter type="COMPLEXITY" missed="4" covered="2"/><counter type="METHOD" missed="0" covered="1"/></method><method name="lambda$syncProjectTags$21" desc="(Ljava/lang/String;Ljava/util/UUID;)Lbr/ufpb/dsc/nexushub/model/projects/domain/Tag;" line="264"><counter type="INSTRUCTION" missed="0" covered="10"/><counter type="LINE" missed="0" covered="1"/><counter type="COMPLEXITY" missed="0" covered="1"/><counter type="METHOD" missed="0" covered="1"/></method><method name="lambda$resolveRequester$20" desc="()Ljava/lang/IllegalArgumentException;" line="241"><counter type="INSTRUCTION" missed="0" covered="5"/><counter type="LINE" missed="0" covered="1"/><counter type="COMPLEXITY" missed="0" covered="1"/><counter type="METHOD" missed="0" covered="1"/></method><method name="lambda$resolveRequester$19" desc="()Ljava/lang/IllegalArgumentException;" line="237"><counter type="INSTRUCTION" missed="5" covered="0"/><counter type="LINE" missed="1" covered="0"/><counter type="COMPLEXITY" missed="1" covered="0"/><counter type="METHOD" missed="1" covered="0"/></method><method name="lambda$resolveRequester$18" desc="(Lbr/ufpb/dsc/nexushub/model/dto/SolicitacaoRequest;)Ljava/util/Optional;" line="234"><counter type="INSTRUCTION" missed="9" covered="0"/><counter type="LINE" missed="3" covered="0"/><counter type="COMPLEXITY" missed="1" covered="0"/><counter type="METHOD" missed="1" covered="0"/></method><method name="lambda$resolveRequester$17" desc="(Lbr/ufpb/dsc/nexushub/model/dto/SolicitacaoRequest;Lbr/ufpb/dsc/nexushub/model/identity/domain/User;)Z" line="235"><counter type="INSTRUCTION" missed="7" covered="0"/><counter type="LINE" missed="1" covered="0"/><counter type="COMPLEXITY" missed="1" covered="0"/><counter type="METHOD" missed="1" covered="0"/></method><method name="lambda$resolveOwner$16" desc="()Ljava/lang/IllegalArgumentException;" line="226"><counter type="INSTRUCTION" missed="5" covered="0"/><counter type="LINE" missed="1" covered="0"/><counter type="COMPLEXITY" missed="1" covered="0"/><counter type="METHOD" missed="1" covered="0"/></method><method name="lambda$resolveOwner$15" desc="(Lbr/ufpb/dsc/nexushub/model/dto/ProjetoRequest;Lbr/ufpb/dsc/nexushub/model/identity/domain/User;)Z" line="224"><counter type="INSTRUCTION" missed="7" covered="0"/><counter type="LINE" missed="1" covered="0"/><counter type="COMPLEXITY" missed="1" covered="0"/><counter type="METHOD" missed="1" covered="0"/></method><method name="lambda$resolveOwner$14" desc="()Ljava/lang/IllegalArgumentException;" line="220"><counter type="INSTRUCTION" missed="5" covered="0"/><counter type="LINE" missed="1" covered="0"/><counter type="COMPLEXITY" missed="1" covered="0"/><counter type="METHOD" missed="1" covered="0"/></method><method name="lambda$resolveOwner$13" desc="(Lbr/ufpb/dsc/nexushub/model/dto/ProjetoRequest;)Ljava/util/Optional;" line="217"><counter type="INSTRUCTION" missed="9" covered="0"/><counter type="LINE" missed="3" covered="0"/><counter type="COMPLEXITY" missed="1" covered="0"/><counter type="METHOD" missed="1" covered="0"/></method><method name="lambda$resolveOwner$12" desc="(Lbr/ufpb/dsc/nexushub/model/dto/ProjetoRequest;Lbr/ufpb/dsc/nexushub/model/identity/domain/User;)Z" line="218"><counter type="INSTRUCTION" missed="7" covered="0"/><counter type="LINE" missed="1" covered="0"/><counter type="COMPLEXITY" missed="1" covered="0"/><counter type="METHOD" missed="1" covered="0"/></method><method name="lambda$approveMembershipRequest$11" desc="(Lbr/ufpb/dsc/nexushub/model/projects/domain/ProjectRequest;Ljava/util/UUID;)Lbr/ufpb/dsc/nexushub/model/projects/domain/ProjectHumanMember;" line="211"><counter type="INSTRUCTION" missed="0" covered="15"/><counter type="LINE" missed="0" covered="1"/><counter type="COMPLEXITY" missed="0" covered="1"/><counter type="METHOD" missed="0" covered="1"/></method><method name="lambda$approveMembershipRequest$10" desc="()Ljava/lang/IllegalArgumentException;" line="207"><counter type="INSTRUCTION" missed="5" covered="0"/><counter type="LINE" missed="1" covered="0"/><counter type="COMPLEXITY" missed="1" covered="0"/><counter type="METHOD" missed="1" covered="0"/></method><method name="lambda$approveMembershipRequest$9" desc="()Ljava/lang/IllegalArgumentException;" line="205"><counter type="INSTRUCTION" missed="0" covered="5"/><counter type="LINE" missed="0" covered="1"/><counter type="COMPLEXITY" missed="0" covered="1"/><counter type="METHOD" missed="0" covered="1"/></method><method name="lambda$respondMembershipRequest$8" desc="()Ljava/lang/IllegalArgumentException;" line="196"><counter type="INSTRUCTION" missed="5" covered="0"/><counter type="LINE" missed="1" covered="0"/><counter type="COMPLEXITY" missed="1" covered="0"/><counter type="METHOD" missed="1" covered="0"/></method><method name="lambda$requestMembership$7" desc="(Lbr/ufpb/dsc/nexushub/model/projects/domain/ProjectRequest;)V" line="169"><counter type="INSTRUCTION" missed="0" covered="5"/><counter type="LINE" missed="0" covered="1"/><counter type="COMPLEXITY" missed="0" covered="1"/><counter type="METHOD" missed="0" covered="1"/></method><method name="lambda$requestMembership$6" desc="()Ljava/lang/IllegalArgumentException;" line="167"><counter type="INSTRUCTION" missed="5" covered="0"/><counter type="LINE" missed="1" covered="0"/><counter type="COMPLEXITY" missed="1" covered="0"/><counter type="METHOD" missed="1" covered="0"/></method><method name="lambda$requestMembership$5" desc="()Ljava/lang/IllegalArgumentException;" line="165"><counter type="INSTRUCTION" missed="0" covered="5"/><counter type="LINE" missed="0" covered="1"/><counter type="COMPLEXITY" missed="0" covered="1"/><counter type="METHOD" missed="0" covered="1"/></method><method name="lambda$createProject$4" desc="()Ljava/lang/IllegalArgumentException;" line="126"><counter type="INSTRUCTION" missed="0" covered="5"/><counter type="LINE" missed="0" covered="1"/><counter type="COMPLEXITY" missed="0" covered="1"/><counter type="METHOD" missed="0" covered="1"/></method><method name="lambda$getProject$3" desc="()Ljava/lang/IllegalArgumentException;" line="119"><counter type="INSTRUCTION" missed="0" covered="5"/><counter type="LINE" missed="0" covered="1"/><counter type="COMPLEXITY" missed="0" covered="1"/><counter type="METHOD" missed="0" covered="1"/></method><method name="lambda$listProjects$2" desc="(Ljava/lang/String;Lbr/ufpb/dsc/nexushub/model/projects/domain/Project;)Z" line="83"><counter type="INSTRUCTION" missed="1" covered="14"/><counter type="BRANCH" missed="3" covered="3"/><counter type="LINE" missed="0" covered="1"/><counter type="COMPLEXITY" missed="3" covered="1"/><counter type="METHOD" missed="0" covered="1"/></method><method name="lambda$listProjects$1" desc="(Lbr/ufpb/dsc/nexushub/model/projects/domain/Project;)Z" line="79"><counter type="INSTRUCTION" missed="1" covered="8"/><counter type="BRANCH" missed="1" covered="1"/><counter type="LINE" missed="0" covered="1"/><counter type="COMPLEXITY" missed="1" covered="1"/><counter type="METHOD" missed="0" covered="1"/></method><method name="lambda$listPublishedProjects$0" desc="(Lbr/ufpb/dsc/nexushub/model/projects/domain/Project;)Z" line="68"><counter type="INSTRUCTION" missed="0" covered="9"/><counter type="BRANCH" missed="0" covered="2"/><counter type="LINE" missed="0" covered="1"/><counter type="COMPLEXITY" missed="0" covered="2"/><counter type="METHOD" missed="0" covered="1"/></method><counter type="INSTRUCTION" missed="112" covered="551"/><counter type="BRANCH" missed="17" covered="29"/><counter type="LINE" missed="13" covered="109"/><counter type="COMPLEXITY" missed="27" covered="37"/><counter type="METHOD" missed="11" covered="30"/><counter type="CLASS" missed="0" covered="1"/></class><sourcefile name="ProjectServiceImpl.java"><line nr="52" mi="0" ci="2" mb="0" cb="0"/><line nr="53" mi="0" ci="3" mb="0" cb="0"/><line nr="54" mi="0" ci="3" mb="0" cb="0"/><line nr="55" mi="0" ci="3" mb="0" cb="0"/><line nr="56" mi="0" ci="3" mb="0" cb="0"/><line nr="57" mi="0" ci="3" mb="0" cb="0"/><line nr="58" mi="0" ci="3" mb="0" cb="0"/><line nr="59" mi="0" ci="3" mb="0" cb="0"/><line nr="60" mi="0" ci="3" mb="0" cb="0"/><line nr="61" mi="0" ci="3" mb="0" cb="0"/><line nr="62" mi="0" ci="1" mb="0" cb="0"/><line nr="67" mi="0" ci="6" mb="0" cb="0"/><line nr="68" mi="0" ci="10" mb="0" cb="2"/><line nr="69" mi="0" ci="1" mb="0" cb="0"/><line nr="75" mi="0" ci="5" mb="1" cb="3"/><line nr="76" mi="0" ci="3" mb="0" cb="0"/><line nr="77" mi="0" ci="4" mb="0" cb="0"/><line nr="78" mi="0" ci="2" mb="0" cb="0"/><line nr="79" mi="1" ci="9" mb="1" cb="1"/><line nr="80" mi="0" ci="5" mb="0" cb="0"/><line nr="82" mi="0" ci="5" mb="0" cb="0"/><line nr="83" mi="1" ci="15" mb="3" cb="3"/><line nr="84" mi="0" ci="1" mb="0" cb="0"/><line nr="90" mi="0" ci="5" mb="0" cb="0"/><line nr="96" mi="0" ci="5" mb="0" cb="0"/><line nr="97" mi="0" ci="4" mb="0" cb="0"/><line nr="98" mi="0" ci="1" mb="0" cb="0"/><line nr="104" mi="0" ci="5" mb="0" cb="0"/><line nr="105" mi="0" ci="4" mb="0" cb="0"/><line nr="106" mi="0" ci="1" mb="0" cb="0"/><line nr="112" mi="0" ci="3" mb="0" cb="0"/><line nr="118" mi="0" ci="6" mb="0" cb="0"/><line nr="119" mi="0" ci="7" mb="0" cb="0"/><line nr="125" mi="0" ci="5" mb="0" cb="0"/><line nr="126" mi="0" ci="8" mb="0" cb="0"/><line nr="127" mi="7" ci="5" mb="1" cb="1"/><line nr="128" mi="0" ci="17" mb="0" cb="2"/><line nr="129" mi="0" ci="3" mb="0" cb="0"/><line nr="130" mi="0" ci="6" mb="0" cb="0"/><line nr="131" mi="0" ci="12" mb="0" cb="0"/><line nr="132" mi="0" ci="2" mb="0" cb="0"/><line nr="138" mi="0" ci="4" mb="0" cb="0"/><line nr="139" mi="0" ci="4" mb="0" cb="0"/><line nr="140" mi="0" ci="3" mb="0" cb="0"/><line nr="141" mi="0" ci="2" mb="0" cb="0"/><line nr="142" mi="0" ci="2" mb="0" cb="0"/><line nr="143" mi="0" ci="2" mb="0" cb="0"/><line nr="144" mi="0" ci="3" mb="0" cb="0"/><line nr="145" mi="0" ci="5" mb="0" cb="0"/><line nr="146" mi="0" ci="1" mb="0" cb="0"/><line nr="148" mi="0" ci="4" mb="0" cb="0"/><line nr="149" mi="0" ci="5" mb="0" cb="0"/><line nr="150" mi="0" ci="2" mb="0" cb="0"/><line nr="151" mi="0" ci="2" mb="0" cb="0"/><line nr="152" mi="0" ci="2" mb="0" cb="0"/><line nr="153" mi="0" ci="2" mb="0" cb="0"/><line nr="154" mi="0" ci="1" mb="0" cb="0"/><line nr="156" mi="0" ci="6" mb="0" cb="0"/><line nr="157" mi="0" ci="7" mb="0" cb="0"/><line nr="158" mi="0" ci="2" mb="0" cb="0"/><line nr="164" mi="0" ci="5" mb="0" cb="0"/><line nr="165" mi="0" ci="8" mb="0" cb="0"/><line nr="166" mi="0" ci="5" mb="0" cb="0"/><line nr="167" mi="5" ci="3" mb="0" cb="0"/><line nr="168" mi="0" ci="7" mb="0" cb="0"/><line nr="169" mi="0" ci="5" mb="0" cb="0"/><line nr="171" mi="0" ci="12" mb="0" cb="0"/><line nr="177" mi="0" ci="4" mb="0" cb="0"/><line nr="178" mi="0" ci="12" mb="0" cb="0"/><line nr="184" mi="0" ci="7" mb="0" cb="0"/><line nr="190" mi="0" ci="4" mb="0" cb="0"/><line nr="191" mi="0" ci="2" mb="0" cb="2"/><line nr="192" mi="0" ci="9" mb="0" cb="0"/><line nr="193" mi="0" ci="1" mb="0" cb="0"/><line nr="195" mi="0" ci="5" mb="0" cb="0"/><line nr="196" mi="5" ci="3" mb="0" cb="0"/><line nr="197" mi="0" ci="6" mb="0" cb="0"/><line nr="198" mi="0" ci="5" mb="0" cb="0"/><line nr="199" mi="0" ci="1" mb="0" cb="0"/><line nr="204" mi="0" ci="5" mb="0" cb="0"/><line nr="205" mi="0" ci="8" mb="0" cb="0"/><line nr="206" mi="0" ci="5" mb="0" cb="0"/><line nr="207" mi="5" ci="3" mb="0" cb="0"/><line nr="208" mi="0" ci="4" mb="0" cb="0"/><line nr="209" mi="0" ci="5" mb="0" cb="0"/><line nr="210" mi="0" ci="12" mb="0" cb="0"/><line nr="211" mi="0" ci="17" mb="0" cb="0"/><line nr="215" mi="0" ci="3" mb="0" cb="2"/><line nr="216" mi="0" ci="9" mb="0" cb="0"/><line nr="217" mi="7" ci="2" mb="0" cb="0"/><line nr="218" mi="8" ci="0" mb="0" cb="0"/><line nr="219" mi="1" ci="0" mb="0" cb="0"/><line nr="220" mi="5" ci="2" mb="0" cb="0"/><line nr="222" mi="4" ci="3" mb="3" cb="1"/><line nr="223" mi="7" ci="0" mb="0" cb="0"/><line nr="224" mi="8" ci="0" mb="0" cb="0"/><line nr="225" mi="2" ci="0" mb="0" cb="0"/><line nr="226" mi="7" ci="0" mb="0" cb="0"/><line nr="228" mi="0" ci="5" mb="0" cb="0"/><line nr="232" mi="0" ci="3" mb="1" cb="1"/><line nr="233" mi="9" ci="0" mb="0" cb="0"/><line nr="234" mi="9" ci="0" mb="0" cb="0"/><line nr="235" mi="8" ci="0" mb="0" cb="0"/><line nr="236" mi="1" ci="0" mb="0" cb="0"/><line nr="237" mi="7" ci="0" mb="0" cb="0"/><line nr="239" mi="0" ci="7" mb="1" cb="3"/><line nr="240" mi="0" ci="9" mb="0" cb="0"/><line nr="241" mi="0" ci="7" mb="0" cb="0"/><line nr="243" mi="0" ci="5" mb="0" cb="0"/><line nr="248" mi="3" ci="9" mb="2" cb="2"/><line nr="249" mi="0" ci="1" mb="0" cb="0"/><line nr="250" mi="0" ci="2" mb="0" cb="0"/><line nr="255" mi="0" ci="5" mb="2" cb="2"/><line nr="256" mi="1" ci="0" mb="0" cb="0"/><line nr="258" mi="0" ci="18" mb="0" cb="2"/><line nr="259" mi="0" ci="3" mb="0" cb="0"/><line nr="260" mi="0" ci="9" mb="2" cb="2"/><line nr="261" mi="1" ci="0" mb="0" cb="0"/><line nr="263" mi="0" ci="8" mb="0" cb="0"/><line nr="264" mi="0" ci="13" mb="0" cb="0"/><line nr="265" mi="0" ci="10" mb="0" cb="0"/><line nr="267" mi="0" ci="1" mb="0" cb="0"/><counter type="INSTRUCTION" missed="112" covered="551"/><counter type="BRANCH" missed="17" covered="29"/><counter type="LINE" missed="13" covered="109"/><counter type="COMPLEXITY" missed="27" covered="37"/><counter type="METHOD" missed="11" covered="30"/><counter type="CLASS" missed="0" covered="1"/></sourcefile><counter type="INSTRUCTION" missed="112" covered="551"/><counter type="BRANCH" missed="17" covered="29"/><counter type="LINE" missed="13" covered="109"/><counter type="COMPLEXITY" missed="27" covered="37"/><counter type="METHOD" missed="11" covered="30"/><counter type="CLASS" missed="0" covered="1"/></package><package name="br/ufpb/dsc/nexushub/model/administration/repository"><class name="br/ufpb/dsc/nexushub/model/administration/repository/AuditLogRepository" sourcefilename="AuditLogRepository.java"/><class name="br/ufpb/dsc/nexushub/model/administration/repository/FeatureFlagRepository" sourcefilename="FeatureFlagRepository.java"/><sourcefile name="AuditLogRepository.java"/><sourcefile name="FeatureFlagRepository.java"/></package><package name="br/ufpb/dsc/nexushub/model/identity/service/impl"><class name="br/ufpb/dsc/nexushub/model/identity/service/impl/IdentityServiceImpl" sourcefilename="IdentityServiceImpl.java"><method name="&lt;init&gt;" desc="(Lbr/ufpb/dsc/nexushub/model/identity/repository/UserRepository;Lbr/ufpb/dsc/nexushub/model/identity/repository/RoleRepository;Lbr/ufpb/dsc/nexushub/model/people/repository/HumanRepository;Lorg/springframework/security/crypto/password/PasswordEncoder;)V" line="29"><counter type="INSTRUCTION" missed="0" covered="15"/><counter type="LINE" missed="0" covered="6"/><counter type="COMPLEXITY" missed="0" covered="1"/><counter type="METHOD" missed="0" covered="1"/></method><method name="hasUsers" desc="()Z" line="39"><counter type="INSTRUCTION" missed="0" covered="10"/><counter type="BRANCH" missed="0" covered="2"/><counter type="LINE" missed="0" covered="1"/><counter type="COMPLEXITY" missed="0" covered="2"/><counter type="METHOD" missed="0" covered="1"/></method><method name="registerUser" desc="(Ljava/lang/String;Ljava/lang/String;Ljava/lang/String;Ljava/lang/String;Ljava/lang/String;)Lbr/ufpb/dsc/nexushub/model/identity/domain/User;" line="45"><counter type="INSTRUCTION" missed="3" covered="60"/><counter type="BRANCH" missed="1" covered="1"/><counter type="LINE" missed="1" covered="10"/><counter type="COMPLEXITY" missed="1" covered="1"/><counter type="METHOD" missed="0" covered="1"/></method><method name="authenticate" desc="(Ljava/lang/String;Ljava/lang/String;)Ljava/util/Optional;" line="66"><counter type="INSTRUCTION" missed="0" covered="16"/><counter type="LINE" missed="0" covered="4"/><counter type="COMPLEXITY" missed="0" covered="1"/><counter type="METHOD" missed="0" covered="1"/></method><method name="changePassword" desc="(Ljava/util/UUID;Ljava/lang/String;Ljava/util/UUID;)V" line="75"><counter type="INSTRUCTION" missed="0" covered="21"/><counter type="LINE" missed="0" covered="5"/><counter type="COMPLEXITY" missed="0" covered="1"/><counter type="METHOD" missed="0" covered="1"/></method><method name="changePasswordByEmail" desc="(Ljava/lang/String;Ljava/lang/String;)V" line="84"><counter type="INSTRUCTION" missed="0" covered="18"/><counter type="LINE" missed="0" covered="4"/><counter type="COMPLEXITY" missed="0" covered="1"/><counter type="METHOD" missed="0" covered="1"/></method><method name="updateUserProfile" desc="(Ljava/util/UUID;Ljava/lang/String;Ljava/lang/String;Ljava/lang/String;Ljava/lang/String;)Lbr/ufpb/dsc/nexushub/model/identity/domain/User;" line="92"><counter type="INSTRUCTION" missed="4" covered="49"/><counter type="BRANCH" missed="2" covered="4"/><counter type="LINE" missed="1" covered="9"/><counter type="COMPLEXITY" missed="2" covered="2"/><counter type="METHOD" missed="0" covered="1"/></method><method name="firstUser" desc="()Lbr/ufpb/dsc/nexushub/model/identity/domain/User;" line="109"><counter type="INSTRUCTION" missed="0" covered="9"/><counter type="LINE" missed="0" covered="3"/><counter type="COMPLEXITY" missed="0" covered="1"/><counter type="METHOD" missed="0" covered="1"/></method><method name="findByEmail" desc="(Ljava/lang/String;)Lbr/ufpb/dsc/nexushub/model/identity/domain/User;" line="117"><counter type="INSTRUCTION" missed="0" covered="10"/><counter type="LINE" missed="0" covered="2"/><counter type="COMPLEXITY" missed="0" covered="1"/><counter type="METHOD" missed="0" covered="1"/></method><method name="normalizeEmail" desc="(Ljava/lang/String;)Ljava/lang/String;" line="122"><counter type="INSTRUCTION" missed="0" covered="4"/><counter type="LINE" missed="0" covered="1"/><counter type="COMPLEXITY" missed="0" covered="1"/><counter type="METHOD" missed="0" covered="1"/></method><method name="resolveRoleName" desc="(Ljava/lang/String;)Ljava/lang/String;" line="126"><counter type="INSTRUCTION" missed="0" covered="11"/><counter type="BRANCH" missed="1" covered="3"/><counter type="LINE" missed="0" covered="1"/><counter type="COMPLEXITY" missed="1" covered="2"/><counter type="METHOD" missed="0" covered="1"/></method><method name="lambda$findByEmail$7" desc="()Ljava/lang/IllegalArgumentException;" line="118"><counter type="INSTRUCTION" missed="0" covered="5"/><counter type="LINE" missed="0" covered="1"/><counter type="COMPLEXITY" missed="0" covered="1"/><counter type="METHOD" missed="0" covered="1"/></method><method name="lambda$firstUser$6" desc="()Ljava/lang/IllegalStateException;" line="111"><counter type="INSTRUCTION" missed="0" covered="5"/><counter type="LINE" missed="0" covered="1"/><counter type="COMPLEXITY" missed="0" covered="1"/><counter type="METHOD" missed="0" covered="1"/></method><method name="lambda$updateUserProfile$5" desc="()Ljava/lang/IllegalArgumentException;" line="93"><counter type="INSTRUCTION" missed="5" covered="0"/><counter type="LINE" missed="1" covered="0"/><counter type="COMPLEXITY" missed="1" covered="0"/><counter type="METHOD" missed="1" covered="0"/></method><method name="lambda$changePasswordByEmail$4" desc="()Ljava/lang/IllegalArgumentException;" line="85"><counter type="INSTRUCTION" missed="0" covered="5"/><counter type="LINE" missed="0" covered="1"/><counter type="COMPLEXITY" missed="0" covered="1"/><counter type="METHOD" missed="0" covered="1"/></method><method name="lambda$changePassword$3" desc="()Ljava/lang/IllegalArgumentException;" line="76"><counter type="INSTRUCTION" missed="0" covered="5"/><counter type="LINE" missed="0" covered="1"/><counter type="COMPLEXITY" missed="0" covered="1"/><counter type="METHOD" missed="0" covered="1"/></method><method name="lambda$authenticate$2" desc="(Ljava/lang/String;Lbr/ufpb/dsc/nexushub/model/identity/domain/User;)Z" line="67"><counter type="INSTRUCTION" missed="0" covered="7"/><counter type="LINE" missed="0" covered="1"/><counter type="COMPLEXITY" missed="0" covered="1"/><counter type="METHOD" missed="0" covered="1"/></method><method name="lambda$registerUser$1" desc="(Ljava/lang/String;Ljava/util/UUID;)Lbr/ufpb/dsc/nexushub/model/identity/domain/Role;" line="52"><counter type="INSTRUCTION" missed="0" covered="15"/><counter type="LINE" missed="0" covered="1"/><counter type="COMPLEXITY" missed="0" covered="1"/><counter type="METHOD" missed="0" covered="1"/></method><method name="lambda$registerUser$0" desc="(Lbr/ufpb/dsc/nexushub/model/identity/domain/User;)V" line="47"><counter type="INSTRUCTION" missed="0" covered="5"/><counter type="LINE" missed="0" covered="1"/><counter type="COMPLEXITY" missed="0" covered="1"/><counter type="METHOD" missed="0" covered="1"/></method><counter type="INSTRUCTION" missed="12" covered="270"/><counter type="BRANCH" missed="4" covered="10"/><counter type="LINE" missed="2" covered="47"/><counter type="COMPLEXITY" missed="5" covered="21"/><counter type="METHOD" missed="1" covered="18"/><counter type="CLASS" missed="0" covered="1"/></class><sourcefile name="IdentityServiceImpl.java"><line nr="29" mi="0" ci="2" mb="0" cb="0"/><line nr="30" mi="0" ci="3" mb="0" cb="0"/><line nr="31" mi="0" ci="3" mb="0" cb="0"/><line nr="32" mi="0" ci="3" mb="0" cb="0"/><line nr="33" mi="0" ci="3" mb="0" cb="0"/><line nr="34" mi="0" ci="1" mb="0" cb="0"/><line nr="39" mi="0" ci="10" mb="0" cb="2"/><line nr="45" mi="0" ci="4" mb="0" cb="0"/><line nr="46" mi="0" ci="6" mb="0" cb="0"/><line nr="47" mi="0" ci="5" mb="0" cb="0"/><line nr="50" mi="0" ci="2" mb="0" cb="0"/><line nr="51" mi="0" ci="10" mb="0" cb="0"/><line nr="52" mi="0" ci="18" mb="0" cb="0"/><line nr="54" mi="0" ci="9" mb="0" cb="0"/><line nr="55" mi="0" ci="2" mb="1" cb="1"/><line nr="56" mi="3" ci="0" mb="0" cb="0"/><line nr="58" mi="0" ci="6" mb="0" cb="0"/><line nr="59" mi="0" ci="12" mb="0" cb="0"/><line nr="60" mi="0" ci="6" mb="0" cb="0"/><line nr="66" mi="0" ci="9" mb="0" cb="0"/><line nr="67" mi="0" ci="9" mb="0" cb="0"/><line nr="68" mi="0" ci="3" mb="0" cb="0"/><line nr="69" mi="0" ci="2" mb="0" cb="0"/><line nr="75" mi="0" ci="5" mb="0" cb="0"/><line nr="76" mi="0" ci="8" mb="0" cb="0"/><line nr="77" mi="0" ci="7" mb="0" cb="0"/><line nr="78" mi="0" ci="5" mb="0" cb="0"/><line nr="79" mi="0" ci="1" mb="0" cb="0"/><line nr="84" mi="0" ci="7" mb="0" cb="0"/><line nr="85" mi="0" ci="8" mb="0" cb="0"/><line nr="86" mi="0" ci="7" mb="0" cb="0"/><line nr="87" mi="0" ci="1" mb="0" cb="0"/><line nr="92" mi="0" ci="5" mb="0" cb="0"/><line nr="93" mi="5" ci="3" mb="0" cb="0"/><line nr="94" mi="0" ci="4" mb="0" cb="0"/><line nr="95" mi="0" ci="4" mb="0" cb="0"/><line nr="96" mi="0" ci="10" mb="0" cb="0"/><line nr="97" mi="0" ci="2" mb="1" cb="1"/><line nr="98" mi="4" ci="0" mb="0" cb="0"/><line nr="100" mi="0" ci="7" mb="1" cb="3"/><line nr="101" mi="0" ci="8" mb="0" cb="0"/><line nr="103" mi="0" ci="6" mb="0" cb="0"/><line nr="109" mi="0" ci="5" mb="0" cb="0"/><line nr="110" mi="0" ci="2" mb="0" cb="0"/><line nr="111" mi="0" ci="7" mb="0" cb="0"/><line nr="117" mi="0" ci="8" mb="0" cb="0"/><line nr="118" mi="0" ci="7" mb="0" cb="0"/><line nr="122" mi="0" ci="4" mb="0" cb="0"/><line nr="126" mi="0" ci="11" mb="1" cb="3"/><counter type="INSTRUCTION" missed="12" covered="270"/><counter type="BRANCH" missed="4" covered="10"/><counter type="LINE" missed="2" covered="47"/><counter type="COMPLEXITY" missed="5" covered="21"/><counter type="METHOD" missed="1" covered="18"/><counter type="CLASS" missed="0" covered="1"/></sourcefile><counter type="INSTRUCTION" missed="12" covered="270"/><counter type="BRANCH" missed="4" covered="10"/><counter type="LINE" missed="2" covered="47"/><counter type="COMPLEXITY" missed="5" covered="21"/><counter type="METHOD" missed="1" covered="18"/><counter type="CLASS" missed="0" covered="1"/></package><package name="br/ufpb/dsc/nexushub/model/people/repository"><class name="br/ufpb/dsc/nexushub/model/people/repository/HumanRepository" sourcefilename="HumanRepository.java"/><class name="br/ufpb/dsc/nexushub/model/people/repository/HumanInterestRepository" sourcefilename="HumanInterestRepository.java"/><class name="br/ufpb/dsc/nexushub/model/people/repository/InterestRepository" sourcefilename="InterestRepository.java"/><sourcefile name="HumanInterestRepository.java"/><sourcefile name="InterestRepository.java"/><sourcefile name="HumanRepository.java"/></package><package name="br/ufpb/dsc/nexushub/model/administration/service"><class name="br/ufpb/dsc/nexushub/model/administration/service/AdministrationService" sourcefilename="AdministrationService.java"><method name="&lt;init&gt;" desc="(Lbr/ufpb/dsc/nexushub/model/identity/repository/UserRepository;Lbr/ufpb/dsc/nexushub/model/identity/repository/RoleRepository;)V" line="10"><counter type="INSTRUCTION" missed="0" covered="9"/><counter type="LINE" missed="0" covered="1"/><counter type="COMPLEXITY" missed="0" covered="1"/><counter type="METHOD" missed="0" covered="1"/></method><method name="users" desc="()Ljava/util/List;" line="11"><counter type="INSTRUCTION" missed="0" covered="4"/><counter type="LINE" missed="0" covered="1"/><counter type="COMPLEXITY" missed="0" covered="1"/><counter type="METHOD" missed="0" covered="1"/></method><method name="active" desc="(Ljava/util/UUID;ZLjava/util/UUID;)Lbr/ufpb/dsc/nexushub/model/identity/domain/User;" line="13"><counter type="INSTRUCTION" missed="0" covered="26"/><counter type="BRANCH" missed="1" covered="3"/><counter type="LINE" missed="0" covered="2"/><counter type="COMPLEXITY" missed="1" covered="2"/><counter type="METHOD" missed="0" covered="1"/></method><method name="role" desc="(Ljava/util/UUID;Ljava/lang/String;Ljava/util/UUID;)Lbr/ufpb/dsc/nexushub/model/identity/domain/User;" line="17"><counter type="INSTRUCTION" missed="0" covered="23"/><counter type="LINE" missed="0" covered="2"/><counter type="COMPLEXITY" missed="0" covered="1"/><counter type="METHOD" missed="0" covered="1"/></method><method name="find" desc="(Ljava/util/UUID;)Lbr/ufpb/dsc/nexushub/model/identity/domain/User;" line="20"><counter type="INSTRUCTION" missed="0" covered="8"/><counter type="LINE" missed="0" covered="1"/><counter type="COMPLEXITY" missed="0" covered="1"/><counter type="METHOD" missed="0" covered="1"/></method><method name="lambda$find$1" desc="()Ljava/lang/IllegalArgumentException;" line="20"><counter type="INSTRUCTION" missed="0" covered="5"/><counter type="LINE" missed="0" covered="1"/><counter type="COMPLEXITY" missed="0" covered="1"/><counter type="METHOD" missed="0" covered="1"/></method><method name="lambda$role$0" desc="()Ljava/lang/IllegalArgumentException;" line="17"><counter type="INSTRUCTION" missed="0" covered="5"/><counter type="LINE" missed="0" covered="1"/><counter type="COMPLEXITY" missed="0" covered="1"/><counter type="METHOD" missed="0" covered="1"/></method><counter type="INSTRUCTION" missed="0" covered="80"/><counter type="BRANCH" missed="1" covered="3"/><counter type="LINE" missed="0" covered="7"/><counter type="COMPLEXITY" missed="1" covered="8"/><counter type="METHOD" missed="0" covered="7"/><counter type="CLASS" missed="0" covered="1"/></class><class name="br/ufpb/dsc/nexushub/model/administration/service/FeatureFlagService" sourcefilename="FeatureFlagService.java"><method name="&lt;init&gt;" desc="(Lbr/ufpb/dsc/nexushub/model/administration/repository/FeatureFlagRepository;)V" line="10"><counter type="INSTRUCTION" missed="0" covered="6"/><counter type="LINE" missed="0" covered="1"/><counter type="COMPLEXITY" missed="0" covered="1"/><counter type="METHOD" missed="0" covered="1"/></method><method name="enabled" desc="(Ljava/lang/String;)Z" line="12"><counter type="INSTRUCTION" missed="0" covered="12"/><counter type="LINE" missed="0" covered="1"/><counter type="COMPLEXITY" missed="0" covered="1"/><counter type="METHOD" missed="0" covered="1"/></method><method name="list" desc="()Ljava/util/List;" line="14"><counter type="INSTRUCTION" missed="0" covered="4"/><counter type="LINE" missed="0" covered="1"/><counter type="COMPLEXITY" missed="0" covered="1"/><counter type="METHOD" missed="0" covered="1"/></method><method name="update" desc="(Ljava/lang/String;Z)Lbr/ufpb/dsc/nexushub/model/administration/domain/FeatureFlag;" line="17"><counter type="INSTRUCTION" missed="0" covered="17"/><counter type="LINE" missed="0" covered="3"/><counter type="COMPLEXITY" missed="0" covered="1"/><counter type="METHOD" missed="0" covered="1"/></method><method name="lambda$update$0" desc="()Ljava/lang/IllegalArgumentException;" line="17"><counter type="INSTRUCTION" missed="0" covered="5"/><counter type="LINE" missed="0" covered="1"/><counter type="COMPLEXITY" missed="0" covered="1"/><counter type="METHOD" missed="0" covered="1"/></method><counter type="INSTRUCTION" missed="0" covered="44"/><counter type="LINE" missed="0" covered="6"/><counter type="COMPLEXITY" missed="0" covered="5"/><counter type="METHOD" missed="0" covered="5"/><counter type="CLASS" missed="0" covered="1"/></class><class name="br/ufpb/dsc/nexushub/model/administration/service/AuditService" sourcefilename="AuditService.java"><method name="&lt;init&gt;" desc="(Lbr/ufpb/dsc/nexushub/model/administration/repository/AuditLogRepository;)V" line="11"><counter type="INSTRUCTION" missed="0" covered="6"/><counter type="LINE" missed="0" covered="1"/><counter type="COMPLEXITY" missed="0" covered="1"/><counter type="METHOD" missed="0" covered="1"/></method><method name="record" desc="(Ljava/util/UUID;Ljava/lang/String;Ljava/lang/String;Ljava/lang/String;Ljava/lang/String;Ljava/lang/String;Ljava/lang/String;Ljava/lang/String;Ljava/lang/String;)Lbr/ufpb/dsc/nexushub/model/administration/domain/AuditLog;" line="15"><counter type="INSTRUCTION" missed="0" covered="17"/><counter type="LINE" missed="0" covered="1"/><counter type="COMPLEXITY" missed="0" covered="1"/><counter type="METHOD" missed="0" covered="1"/></method><method name="list" desc="(Ljava/lang/String;Lorg/springframework/data/domain/Pageable;)Lorg/springframework/data/domain/Page;" line="19"><counter type="INSTRUCTION" missed="0" covered="16"/><counter type="BRANCH" missed="1" covered="3"/><counter type="LINE" missed="0" covered="2"/><counter type="COMPLEXITY" missed="1" covered="2"/><counter type="METHOD" missed="0" covered="1"/></method><counter type="INSTRUCTION" missed="0" covered="39"/><counter type="BRANCH" missed="1" covered="3"/><counter type="LINE" missed="0" covered="4"/><counter type="COMPLEXITY" missed="1" covered="4"/><counter type="METHOD" missed="0" covered="3"/><counter type="CLASS" missed="0" covered="1"/></class><sourcefile name="AdministrationService.java"><line nr="10" mi="0" ci="9" mb="0" cb="0"/><line nr="11" mi="0" ci="4" mb="0" cb="0"/><line nr="13" mi="0" ci="16" mb="1" cb="3"/><line nr="14" mi="0" ci="10" mb="0" cb="0"/><line nr="17" mi="0" ci="14" mb="0" cb="0"/><line nr="18" mi="0" ci="14" mb="0" cb="0"/><line nr="20" mi="0" ci="13" mb="0" cb="0"/><counter type="INSTRUCTION" missed="0" covered="80"/><counter type="BRANCH" missed="1" covered="3"/><counter type="LINE" missed="0" covered="7"/><counter type="COMPLEXITY" missed="1" covered="8"/><counter type="METHOD" missed="0" covered="7"/><counter type="CLASS" missed="0" covered="1"/></sourcefile><sourcefile name="AuditService.java"><line nr="11" mi="0" ci="6" mb="0" cb="0"/><line nr="15" mi="0" ci="17" mb="0" cb="0"/><line nr="19" mi="0" ci="11" mb="1" cb="3"/><line nr="20" mi="0" ci="5" mb="0" cb="0"/><counter type="INSTRUCTION" missed="0" covered="39"/><counter type="BRANCH" missed="1" covered="3"/><counter type="LINE" missed="0" covered="4"/><counter type="COMPLEXITY" missed="1" covered="4"/><counter type="METHOD" missed="0" covered="3"/><counter type="CLASS" missed="0" covered="1"/></sourcefile><sourcefile name="FeatureFlagService.java"><line nr="10" mi="0" ci="6" mb="0" cb="0"/><line nr="12" mi="0" ci="12" mb="0" cb="0"/><line nr="14" mi="0" ci="4" mb="0" cb="0"/><line nr="17" mi="0" ci="13" mb="0" cb="0"/><line nr="18" mi="0" ci="3" mb="0" cb="0"/><line nr="19" mi="0" ci="6" mb="0" cb="0"/><counter type="INSTRUCTION" missed="0" covered="44"/><counter type="LINE" missed="0" covered="6"/><counter type="COMPLEXITY" missed="0" covered="5"/><counter type="METHOD" missed="0" covered="5"/><counter type="CLASS" missed="0" covered="1"/></sourcefile><counter type="INSTRUCTION" missed="0" covered="163"/><counter type="BRANCH" missed="2" covered="6"/><counter type="LINE" missed="0" covered="17"/><counter type="COMPLEXITY" missed="2" covered="17"/><counter type="METHOD" missed="0" covered="15"/><counter type="CLASS" missed="0" covered="3"/></package><package name="br/ufpb/dsc/nexushub/model/groups/service/impl"><class name="br/ufpb/dsc/nexushub/model/groups/service/impl/GroupServiceImpl" sourcefilename="GroupServiceImpl.java"><method name="&lt;init&gt;" desc="(Lbr/ufpb/dsc/nexushub/model/groups/repository/GroupRepository;Lbr/ufpb/dsc/nexushub/model/people/repository/HumanRepository;Lbr/ufpb/dsc/nexushub/model/groups/repository/GroupHumanMemberRepository;Lbr/ufpb/dsc/nexushub/model/identity/repository/UserRepository;Lbr/ufpb/dsc/nexushub/model/identity/service/IdentityService;)V" line="34"><counter type="INSTRUCTION" missed="0" covered="18"/><counter type="LINE" missed="0" covered="7"/><counter type="COMPLEXITY" missed="0" covered="1"/><counter type="METHOD" missed="0" covered="1"/></method><method name="listActiveGroups" desc="()Ljava/util/List;" line="45"><counter type="INSTRUCTION" missed="0" covered="8"/><counter type="LINE" missed="0" covered="3"/><counter type="COMPLEXITY" missed="0" covered="1"/><counter type="METHOD" missed="0" covered="1"/></method><method name="getGroup" desc="(Ljava/util/UUID;)Lbr/ufpb/dsc/nexushub/model/groups/domain/Group;" line="53"><counter type="INSTRUCTION" missed="0" covered="8"/><counter type="LINE" missed="0" covered="2"/><counter type="COMPLEXITY" missed="0" covered="1"/><counter type="METHOD" missed="0" covered="1"/></method><method name="getResponsibleName" desc="(Ljava/util/UUID;)Ljava/lang/String;" line="60"><counter type="INSTRUCTION" missed="0" covered="18"/><counter type="LINE" missed="0" covered="6"/><counter type="COMPLEXITY" missed="0" covered="1"/><counter type="METHOD" missed="0" covered="1"/></method><method name="createGroup" desc="(Ljava/lang/String;Ljava/lang/String;Ljava/lang/Integer;Ljava/util/UUID;Ljava/util/UUID;)Lbr/ufpb/dsc/nexushub/model/groups/domain/Group;" line="71"><counter type="INSTRUCTION" missed="11" covered="30"/><counter type="BRANCH" missed="3" covered="3"/><counter type="LINE" missed="1" covered="4"/><counter type="COMPLEXITY" missed="3" covered="1"/><counter type="METHOD" missed="0" covered="1"/></method><method name="createGroup" desc="(Lbr/ufpb/dsc/nexushub/model/dto/GrupoRequest;)Lbr/ufpb/dsc/nexushub/model/groups/domain/Group;" line="82"><counter type="INSTRUCTION" missed="2" covered="52"/><counter type="BRANCH" missed="2" covered="2"/><counter type="LINE" missed="0" covered="11"/><counter type="COMPLEXITY" missed="2" covered="1"/><counter type="METHOD" missed="0" covered="1"/></method><method name="addHumanToGroup" desc="(Ljava/util/UUID;Ljava/util/UUID;ZLjava/util/UUID;)Lbr/ufpb/dsc/nexushub/model/groups/domain/GroupHumanMember;" line="100"><counter type="INSTRUCTION" missed="0" covered="30"/><counter type="LINE" missed="0" covered="6"/><counter type="COMPLEXITY" missed="0" covered="1"/><counter type="METHOD" missed="0" covered="1"/></method><method name="deleteGroup" desc="(Ljava/util/UUID;)V" line="111"><counter type="INSTRUCTION" missed="0" covered="7"/><counter type="LINE" missed="0" covered="2"/><counter type="COMPLEXITY" missed="0" covered="1"/><counter type="METHOD" missed="0" covered="1"/></method><method name="parseType" desc="(Ljava/lang/String;Ljava/lang/Integer;)Ljava/lang/Integer;" line="116"><counter type="INSTRUCTION" missed="15" covered="0"/><counter type="BRANCH" missed="4" covered="0"/><counter type="LINE" missed="3" covered="0"/><counter type="COMPLEXITY" missed="3" covered="0"/><counter type="METHOD" missed="1" covered="0"/></method><method name="parseGroupType" desc="(Ljava/lang/String;)Ljava/lang/Integer;" line="123"><counter type="INSTRUCTION" missed="8" covered="19"/><counter type="BRANCH" missed="4" covered="3"/><counter type="LINE" missed="3" covered="3"/><counter type="COMPLEXITY" missed="4" covered="1"/><counter type="METHOD" missed="0" covered="1"/></method><method name="parseGroupStatus" desc="(Ljava/lang/String;)Ljava/lang/Integer;" line="134"><counter type="INSTRUCTION" missed="4" covered="14"/><counter type="BRANCH" missed="3" covered="3"/><counter type="LINE" missed="1" covered="2"/><counter type="COMPLEXITY" missed="3" covered="1"/><counter type="METHOD" missed="0" covered="1"/></method><method name="resolveCreator" desc="(Ljava/util/UUID;)Lbr/ufpb/dsc/nexushub/model/identity/domain/User;" line="141"><counter type="INSTRUCTION" missed="0" covered="19"/><counter type="BRANCH" missed="0" covered="2"/><counter type="LINE" missed="0" covered="5"/><counter type="COMPLEXITY" missed="0" covered="2"/><counter type="METHOD" missed="0" covered="1"/></method><method name="lambda$resolveCreator$9" desc="()Ljava/lang/IllegalArgumentException;" line="148"><counter type="INSTRUCTION" missed="5" covered="0"/><counter type="LINE" missed="1" covered="0"/><counter type="COMPLEXITY" missed="1" covered="0"/><counter type="METHOD" missed="1" covered="0"/></method><method name="lambda$resolveCreator$8" desc="(Ljava/util/UUID;)Ljava/util/Optional;" line="145"><counter type="INSTRUCTION" missed="9" covered="0"/><counter type="LINE" missed="3" covered="0"/><counter type="COMPLEXITY" missed="1" covered="0"/><counter type="METHOD" missed="1" covered="0"/></method><method name="lambda$resolveCreator$7" desc="(Ljava/util/UUID;Lbr/ufpb/dsc/nexushub/model/identity/domain/User;)Z" line="146"><counter type="INSTRUCTION" missed="6" covered="0"/><counter type="LINE" missed="1" covered="0"/><counter type="COMPLEXITY" missed="1" covered="0"/><counter type="METHOD" missed="1" covered="0"/></method><method name="lambda$addHumanToGroup$6" desc="(Lbr/ufpb/dsc/nexushub/model/groups/domain/Group;Lbr/ufpb/dsc/nexushub/model/people/domain/Human;ZLjava/util/UUID;)Lbr/ufpb/dsc/nexushub/model/groups/domain/GroupHumanMember;" line="105"><counter type="INSTRUCTION" missed="0" covered="12"/><counter type="LINE" missed="0" covered="1"/><counter type="COMPLEXITY" missed="0" covered="1"/><counter type="METHOD" missed="0" covered="1"/></method><method name="lambda$addHumanToGroup$5" desc="()Ljava/lang/IllegalArgumentException;" line="103"><counter type="INSTRUCTION" missed="0" covered="5"/><counter type="LINE" missed="0" covered="1"/><counter type="COMPLEXITY" missed="0" covered="1"/><counter type="METHOD" missed="0" covered="1"/></method><method name="lambda$addHumanToGroup$4" desc="()Ljava/lang/IllegalArgumentException;" line="101"><counter type="INSTRUCTION" missed="0" covered="5"/><counter type="LINE" missed="0" covered="1"/><counter type="COMPLEXITY" missed="0" covered="1"/><counter type="METHOD" missed="0" covered="1"/></method><method name="lambda$getResponsibleName$3" desc="(Lbr/ufpb/dsc/nexushub/model/groups/domain/GroupHumanMember;)Ljava/lang/String;" line="64"><counter type="INSTRUCTION" missed="0" covered="4"/><counter type="LINE" missed="0" covered="1"/><counter type="COMPLEXITY" missed="0" covered="1"/><counter type="METHOD" missed="0" covered="1"/></method><method name="lambda$getResponsibleName$2" desc="(Lbr/ufpb/dsc/nexushub/model/groups/domain/GroupHumanMember;)Z" line="62"><counter type="INSTRUCTION" missed="0" covered="5"/><counter type="LINE" missed="0" covered="1"/><counter type="COMPLEXITY" missed="0" covered="1"/><counter type="METHOD" missed="0" covered="1"/></method><method name="lambda$getGroup$1" desc="()Ljava/lang/IllegalArgumentException;" line="54"><counter type="INSTRUCTION" missed="0" covered="5"/><counter type="LINE" missed="0" covered="1"/><counter type="COMPLEXITY" missed="0" covered="1"/><counter type="METHOD" missed="0" covered="1"/></method><method name="lambda$listActiveGroups$0" desc="(Lbr/ufpb/dsc/nexushub/model/groups/domain/Group;)Z" line="46"><counter type="INSTRUCTION" missed="0" covered="9"/><counter type="BRANCH" missed="0" covered="2"/><counter type="LINE" missed="0" covered="1"/><counter type="COMPLEXITY" missed="0" covered="2"/><counter type="METHOD" missed="0" covered="1"/></method><counter type="INSTRUCTION" missed="60" covered="268"/><counter type="BRANCH" missed="16" covered="15"/><counter type="LINE" missed="10" covered="51"/><counter type="COMPLEXITY" missed="18" covered="20"/><counter type="METHOD" missed="4" covered="18"/><counter type="CLASS" missed="0" covered="1"/></class><sourcefile name="GroupServiceImpl.java"><line nr="34" mi="0" ci="2" mb="0" cb="0"/><line nr="35" mi="0" ci="3" mb="0" cb="0"/><line nr="36" mi="0" ci="3" mb="0" cb="0"/><line nr="37" mi="0" ci="3" mb="0" cb="0"/><line nr="38" mi="0" ci="3" mb="0" cb="0"/><line nr="39" mi="0" ci="3" mb="0" cb="0"/><line nr="40" mi="0" ci="1" mb="0" cb="0"/><line nr="45" mi="0" ci="6" mb="0" cb="0"/><line nr="46" mi="0" ci="10" mb="0" cb="2"/><line nr="47" mi="0" ci="1" mb="0" cb="0"/><line nr="53" mi="0" ci="6" mb="0" cb="0"/><line nr="54" mi="0" ci="7" mb="0" cb="0"/><line nr="60" mi="0" ci="4" mb="0" cb="0"/><line nr="61" mi="0" ci="7" mb="0" cb="0"/><line nr="62" mi="0" ci="6" mb="0" cb="0"/><line nr="63" mi="0" ci="2" mb="0" cb="0"/><line nr="64" mi="0" ci="6" mb="0" cb="0"/><line nr="65" mi="0" ci="2" mb="0" cb="0"/><line nr="71" mi="1" ci="8" mb="1" cb="1"/><line nr="72" mi="2" ci="18" mb="1" cb="1"/><line nr="73" mi="0" ci="2" mb="1" cb="1"/><line nr="74" mi="8" ci="0" mb="0" cb="0"/><line nr="76" mi="0" ci="2" mb="0" cb="0"/><line nr="82" mi="0" ci="5" mb="0" cb="0"/><line nr="83" mi="0" ci="3" mb="0" cb="0"/><line nr="84" mi="0" ci="8" mb="0" cb="0"/><line nr="85" mi="0" ci="2" mb="0" cb="0"/><line nr="86" mi="0" ci="3" mb="0" cb="0"/><line nr="87" mi="0" ci="4" mb="0" cb="0"/><line nr="88" mi="0" ci="2" mb="0" cb="0"/><line nr="89" mi="2" ci="10" mb="2" cb="2"/><line nr="90" mi="0" ci="3" mb="0" cb="0"/><line nr="93" mi="0" ci="10" mb="0" cb="0"/><line nr="94" mi="0" ci="2" mb="0" cb="0"/><line nr="100" mi="0" ci="5" mb="0" cb="0"/><line nr="101" mi="0" ci="8" mb="0" cb="0"/><line nr="102" mi="0" ci="5" mb="0" cb="0"/><line nr="103" mi="0" ci="8" mb="0" cb="0"/><line nr="104" mi="0" ci="12" mb="0" cb="0"/><line nr="105" mi="0" ci="14" mb="0" cb="0"/><line nr="111" mi="0" ci="6" mb="0" cb="0"/><line nr="112" mi="0" ci="1" mb="0" cb="0"/><line nr="116" mi="12" ci="0" mb="4" cb="0"/><line nr="117" mi="1" ci="0" mb="0" cb="0"/><line nr="118" mi="2" ci="0" mb="0" cb="0"/><line nr="123" mi="0" ci="5" mb="2" cb="2"/><line nr="124" mi="3" ci="0" mb="0" cb="0"/><line nr="126" mi="0" ci="11" mb="2" cb="1"/><line nr="127" mi="0" ci="3" mb="0" cb="0"/><line nr="128" mi="3" ci="0" mb="0" cb="0"/><line nr="129" mi="2" ci="0" mb="0" cb="0"/><line nr="134" mi="0" ci="5" mb="2" cb="2"/><line nr="135" mi="3" ci="0" mb="0" cb="0"/><line nr="137" mi="1" ci="9" mb="1" cb="1"/><line nr="141" mi="0" ci="2" mb="0" cb="2"/><line nr="142" mi="0" ci="5" mb="0" cb="0"/><line nr="144" mi="0" ci="8" mb="0" cb="0"/><line nr="145" mi="7" ci="2" mb="0" cb="0"/><line nr="146" mi="7" ci="0" mb="0" cb="0"/><line nr="147" mi="1" ci="0" mb="0" cb="0"/><line nr="148" mi="5" ci="2" mb="0" cb="0"/><counter type="INSTRUCTION" missed="60" covered="268"/><counter type="BRANCH" missed="16" covered="15"/><counter type="LINE" missed="10" covered="51"/><counter type="COMPLEXITY" missed="18" covered="20"/><counter type="METHOD" missed="4" covered="18"/><counter type="CLASS" missed="0" covered="1"/></sourcefile><counter type="INSTRUCTION" missed="60" covered="268"/><counter type="BRANCH" missed="16" covered="15"/><counter type="LINE" missed="10" covered="51"/><counter type="COMPLEXITY" missed="18" covered="20"/><counter type="METHOD" missed="4" covered="18"/><counter type="CLASS" missed="0" covered="1"/></package><package name="br/ufpb/dsc/nexushub/model/opportunities/repository"><class name="br/ufpb/dsc/nexushub/model/opportunities/repository/OpportunityRepository" sourcefilename="OpportunityRepository.java"/><sourcefile name="OpportunityRepository.java"/></package><package name="br/ufpb/dsc/nexushub/model/opportunities/service/impl"><class name="br/ufpb/dsc/nexushub/model/opportunities/service/impl/OpportunityServiceImpl" sourcefilename="OpportunityServiceImpl.java"><method name="&lt;init&gt;" desc="(Lbr/ufpb/dsc/nexushub/model/opportunities/repository/OpportunityRepository;Lbr/ufpb/dsc/nexushub/model/opportunities/repository/OpportunityApplicationRepository;Lbr/ufpb/dsc/nexushub/model/people/repository/HumanRepository;Lbr/ufpb/dsc/nexushub/model/groups/repository/GroupRepository;Lbr/ufpb/dsc/nexushub/model/projects/repository/ProjectRepository;)V" line="34"><counter type="INSTRUCTION" missed="0" covered="18"/><counter type="LINE" missed="0" covered="7"/><counter type="COMPLEXITY" missed="0" covered="1"/><counter type="METHOD" missed="0" covered="1"/></method><method name="listOpenOpportunities" desc="()Ljava/util/List;" line="45"><counter type="INSTRUCTION" missed="0" covered="8"/><counter type="LINE" missed="0" covered="3"/><counter type="COMPLEXITY" missed="0" covered="1"/><counter type="METHOD" missed="0" covered="1"/></method><method name="createOpportunity" desc="(Ljava/util/UUID;Ljava/util/UUID;Ljava/util/UUID;Ljava/lang/String;Ljava/lang/String;Ljava/lang/Integer;Ljava/util/UUID;)Lbr/ufpb/dsc/nexushub/model/opportunities/domain/Opportunity;" line="53"><counter type="INSTRUCTION" missed="16" covered="37"/><counter type="BRANCH" missed="3" covered="3"/><counter type="LINE" missed="0" covered="5"/><counter type="COMPLEXITY" missed="3" covered="1"/><counter type="METHOD" missed="0" covered="1"/></method><method name="apply" desc="(Ljava/util/UUID;Ljava/util/UUID;Ljava/lang/String;Ljava/util/UUID;)Lbr/ufpb/dsc/nexushub/model/opportunities/domain/OpportunityApplication;" line="63"><counter type="INSTRUCTION" missed="0" covered="30"/><counter type="LINE" missed="0" covered="6"/><counter type="COMPLEXITY" missed="0" covered="1"/><counter type="METHOD" missed="0" covered="1"/></method><method name="lambda$apply$4" desc="(Lbr/ufpb/dsc/nexushub/model/opportunities/domain/Opportunity;Lbr/ufpb/dsc/nexushub/model/people/domain/Human;Ljava/lang/String;Ljava/util/UUID;)Lbr/ufpb/dsc/nexushub/model/opportunities/domain/OpportunityApplication;" line="68"><counter type="INSTRUCTION" missed="0" covered="12"/><counter type="LINE" missed="0" covered="1"/><counter type="COMPLEXITY" missed="0" covered="1"/><counter type="METHOD" missed="0" covered="1"/></method><method name="lambda$apply$3" desc="()Ljava/lang/IllegalArgumentException;" line="66"><counter type="INSTRUCTION" missed="0" covered="5"/><counter type="LINE" missed="0" covered="1"/><counter type="COMPLEXITY" missed="0" covered="1"/><counter type="METHOD" missed="0" covered="1"/></method><method name="lambda$apply$2" desc="()Ljava/lang/IllegalArgumentException;" line="64"><counter type="INSTRUCTION" missed="0" covered="5"/><counter type="LINE" missed="0" covered="1"/><counter type="COMPLEXITY" missed="0" covered="1"/><counter type="METHOD" missed="0" covered="1"/></method><method name="lambda$createOpportunity$1" desc="()Ljava/lang/IllegalArgumentException;" line="54"><counter type="INSTRUCTION" missed="0" covered="5"/><counter type="LINE" missed="0" covered="1"/><counter type="COMPLEXITY" missed="0" covered="1"/><counter type="METHOD" missed="0" covered="1"/></method><method name="lambda$listOpenOpportunities$0" desc="(Lbr/ufpb/dsc/nexushub/model/opportunities/domain/Opportunity;)Z" line="46"><counter type="INSTRUCTION" missed="0" covered="9"/><counter type="BRANCH" missed="0" covered="2"/><counter type="LINE" missed="0" covered="1"/><counter type="COMPLEXITY" missed="0" covered="2"/><counter type="METHOD" missed="0" covered="1"/></method><counter type="INSTRUCTION" missed="16" covered="129"/><counter type="BRANCH" missed="3" covered="5"/><counter type="LINE" missed="0" covered="21"/><counter type="COMPLEXITY" missed="3" covered="10"/><counter type="METHOD" missed="0" covered="9"/><counter type="CLASS" missed="0" covered="1"/></class><sourcefile name="OpportunityServiceImpl.java"><line nr="34" mi="0" ci="2" mb="0" cb="0"/><line nr="35" mi="0" ci="3" mb="0" cb="0"/><line nr="36" mi="0" ci="3" mb="0" cb="0"/><line nr="37" mi="0" ci="3" mb="0" cb="0"/><line nr="38" mi="0" ci="3" mb="0" cb="0"/><line nr="39" mi="0" ci="3" mb="0" cb="0"/><line nr="40" mi="0" ci="1" mb="0" cb="0"/><line nr="45" mi="0" ci="6" mb="0" cb="0"/><line nr="46" mi="0" ci="10" mb="0" cb="2"/><line nr="47" mi="0" ci="1" mb="0" cb="0"/><line nr="53" mi="0" ci="5" mb="0" cb="0"/><line nr="54" mi="0" ci="8" mb="0" cb="0"/><line nr="55" mi="7" ci="5" mb="1" cb="1"/><line nr="56" mi="7" ci="5" mb="1" cb="1"/><line nr="57" mi="2" ci="19" mb="1" cb="1"/><line nr="63" mi="0" ci="5" mb="0" cb="0"/><line nr="64" mi="0" ci="8" mb="0" cb="0"/><line nr="65" mi="0" ci="5" mb="0" cb="0"/><line nr="66" mi="0" ci="8" mb="0" cb="0"/><line nr="67" mi="0" ci="12" mb="0" cb="0"/><line nr="68" mi="0" ci="14" mb="0" cb="0"/><counter type="INSTRUCTION" missed="16" covered="129"/><counter type="BRANCH" missed="3" covered="5"/><counter type="LINE" missed="0" covered="21"/><counter type="COMPLEXITY" missed="3" covered="10"/><counter type="METHOD" missed="0" covered="9"/><counter type="CLASS" missed="0" covered="1"/></sourcefile><counter type="INSTRUCTION" missed="16" covered="129"/><counter type="BRANCH" missed="3" covered="5"/><counter type="LINE" missed="0" covered="21"/><counter type="COMPLEXITY" missed="3" covered="10"/><counter type="METHOD" missed="0" covered="9"/><counter type="CLASS" missed="0" covered="1"/></package><package name="br/ufpb/dsc/nexushub/model/opportunities/service"><class name="br/ufpb/dsc/nexushub/model/opportunities/service/OpportunityService" sourcefilename="OpportunityService.java"/><sourcefile name="OpportunityService.java"/></package><package name="br/ufpb/dsc/nexushub/model/people/service"><class name="br/ufpb/dsc/nexushub/model/people/service/HumanService" sourcefilename="HumanService.java"/><sourcefile name="HumanService.java"/></package><package name="br/ufpb/dsc/nexushub/model/privacy/service"><class name="br/ufpb/dsc/nexushub/model/privacy/service/PrivacyService" sourcefilename="PrivacyService.java"><method name="&lt;init&gt;" desc="(Lbr/ufpb/dsc/nexushub/model/privacy/repository/ConsentRepository;Lbr/ufpb/dsc/nexushub/model/privacy/repository/DataSubjectRequestRepository;Lbr/ufpb/dsc/nexushub/model/identity/repository/UserRepository;)V" line="12"><counter type="INSTRUCTION" missed="0" covered="12"/><counter type="LINE" missed="0" covered="1"/><counter type="COMPLEXITY" missed="0" covered="1"/><counter type="METHOD" missed="0" covered="1"/></method><method name="consent" desc="(Ljava/util/UUID;Ljava/lang/String;Ljava/lang/String;Z)Lbr/ufpb/dsc/nexushub/model/privacy/domain/Consent;" line="13"><counter type="INSTRUCTION" missed="0" covered="16"/><counter type="LINE" missed="0" covered="1"/><counter type="COMPLEXITY" missed="0" covered="1"/><counter type="METHOD" missed="0" covered="1"/></method><method name="request" desc="(Ljava/util/UUID;Ljava/lang/String;)Lbr/ufpb/dsc/nexushub/model/privacy/domain/DataSubjectRequest;" line="14"><counter type="INSTRUCTION" missed="0" covered="14"/><counter type="LINE" missed="0" covered="1"/><counter type="COMPLEXITY" missed="0" covered="1"/><counter type="METHOD" missed="0" covered="1"/></method><method name="export" desc="(Ljava/util/UUID;)Ljava/util/Map;" line="16"><counter type="INSTRUCTION" missed="0" covered="52"/><counter type="LINE" missed="0" covered="6"/><counter type="COMPLEXITY" missed="0" covered="1"/><counter type="METHOD" missed="0" covered="1"/></method><method name="requireUser" desc="(Ljava/util/UUID;)Lbr/ufpb/dsc/nexushub/model/identity/domain/User;" line="23"><counter type="INSTRUCTION" missed="0" covered="8"/><counter type="LINE" missed="0" covered="1"/><counter type="COMPLEXITY" missed="0" covered="1"/><counter type="METHOD" missed="0" covered="1"/></method><method name="lambda$requireUser$0" desc="()Ljava/lang/IllegalArgumentException;" line="23"><counter type="INSTRUCTION" missed="0" covered="5"/><counter type="LINE" missed="0" covered="1"/><counter type="COMPLEXITY" missed="0" covered="1"/><counter type="METHOD" missed="0" covered="1"/></method><counter type="INSTRUCTION" missed="0" covered="107"/><counter type="LINE" missed="0" covered="10"/><counter type="COMPLEXITY" missed="0" covered="6"/><counter type="METHOD" missed="0" covered="6"/><counter type="CLASS" missed="0" covered="1"/></class><sourcefile name="PrivacyService.java"><line nr="12" mi="0" ci="12" mb="0" cb="0"/><line nr="13" mi="0" ci="16" mb="0" cb="0"/><line nr="14" mi="0" ci="14" mb="0" cb="0"/><line nr="16" mi="0" ci="4" mb="0" cb="0"/><line nr="17" mi="0" ci="4" mb="0" cb="0"/><line nr="18" mi="0" ci="19" mb="0" cb="0"/><line nr="19" mi="0" ci="15" mb="0" cb="0"/><line nr="20" mi="0" ci="8" mb="0" cb="0"/><line nr="21" mi="0" ci="2" mb="0" cb="0"/><line nr="23" mi="0" ci="13" mb="0" cb="0"/><counter type="INSTRUCTION" missed="0" covered="107"/><counter type="LINE" missed="0" covered="10"/><counter type="COMPLEXITY" missed="0" covered="6"/><counter type="METHOD" missed="0" covered="6"/><counter type="CLASS" missed="0" covered="1"/></sourcefile><counter type="INSTRUCTION" missed="0" covered="107"/><counter type="LINE" missed="0" covered="10"/><counter type="COMPLEXITY" missed="0" covered="6"/><counter type="METHOD" missed="0" covered="6"/><counter type="CLASS" missed="0" covered="1"/></package><package name="br/ufpb/dsc/nexushub/model/people/service/impl"><class name="br/ufpb/dsc/nexushub/model/people/service/impl/HumanServiceImpl" sourcefilename="HumanServiceImpl.java"><method name="&lt;init&gt;" desc="(Lbr/ufpb/dsc/nexushub/model/people/repository/HumanRepository;Lbr/ufpb/dsc/nexushub/model/people/repository/InterestRepository;Lbr/ufpb/dsc/nexushub/model/people/repository/HumanInterestRepository;)V" line="26"><counter type="INSTRUCTION" missed="0" covered="12"/><counter type="LINE" missed="0" covered="5"/><counter type="COMPLEXITY" missed="0" covered="1"/><counter type="METHOD" missed="0" covered="1"/></method><method name="findById" desc="(Ljava/util/UUID;)Ljava/util/Optional;" line="35"><counter type="INSTRUCTION" missed="0" covered="5"/><counter type="LINE" missed="0" covered="1"/><counter type="COMPLEXITY" missed="0" covered="1"/><counter type="METHOD" missed="0" covered="1"/></method><method name="updateAcademicProfile" desc="(Ljava/util/UUID;Ljava/lang/String;Ljava/lang/String;Ljava/lang/Integer;Ljava/util/UUID;)Lbr/ufpb/dsc/nexushub/model/people/domain/Human;" line="41"><counter type="INSTRUCTION" missed="0" covered="24"/><counter type="LINE" missed="0" covered="4"/><counter type="COMPLEXITY" missed="0" covered="1"/><counter type="METHOD" missed="0" covered="1"/></method><method name="addInterest" desc="(Ljava/util/UUID;Ljava/util/UUID;Ljava/util/UUID;)V" line="50"><counter type="INSTRUCTION" missed="0" covered="27"/><counter type="LINE" missed="0" covered="6"/><counter type="COMPLEXITY" missed="0" covered="1"/><counter type="METHOD" missed="0" covered="1"/></method><method name="lambda$addInterest$2" desc="()Ljava/lang/IllegalArgumentException;" line="53"><counter type="INSTRUCTION" missed="0" covered="5"/><counter type="LINE" missed="0" covered="1"/><counter type="COMPLEXITY" missed="0" covered="1"/><counter type="METHOD" missed="0" covered="1"/></method><method name="lambda$addInterest$1" desc="()Ljava/lang/IllegalArgumentException;" line="51"><counter type="INSTRUCTION" missed="0" covered="5"/><counter type="LINE" missed="0" covered="1"/><counter type="COMPLEXITY" missed="0" covered="1"/><counter type="METHOD" missed="0" covered="1"/></method><method name="lambda$updateAcademicProfile$0" desc="()Ljava/lang/IllegalArgumentException;" line="42"><counter type="INSTRUCTION" missed="0" covered="5"/><counter type="LINE" missed="0" covered="1"/><counter type="COMPLEXITY" missed="0" covered="1"/><counter type="METHOD" missed="0" covered="1"/></method><counter type="INSTRUCTION" missed="0" covered="83"/><counter type="LINE" missed="0" covered="16"/><counter type="COMPLEXITY" missed="0" covered="7"/><counter type="METHOD" missed="0" covered="7"/><counter type="CLASS" missed="0" covered="1"/></class><sourcefile name="HumanServiceImpl.java"><line nr="26" mi="0" ci="2" mb="0" cb="0"/><line nr="27" mi="0" ci="3" mb="0" cb="0"/><line nr="28" mi="0" ci="3" mb="0" cb="0"/><line nr="29" mi="0" ci="3" mb="0" cb="0"/><line nr="30" mi="0" ci="1" mb="0" cb="0"/><line nr="35" mi="0" ci="5" mb="0" cb="0"/><line nr="41" mi="0" ci="5" mb="0" cb="0"/><line nr="42" mi="0" ci="8" mb="0" cb="0"/><line nr="43" mi="0" ci="10" mb="0" cb="0"/><line nr="44" mi="0" ci="6" mb="0" cb="0"/><line nr="50" mi="0" ci="5" mb="0" cb="0"/><line nr="51" mi="0" ci="8" mb="0" cb="0"/><line nr="52" mi="0" ci="5" mb="0" cb="0"/><line nr="53" mi="0" ci="8" mb="0" cb="0"/><line nr="54" mi="0" ci="10" mb="0" cb="0"/><line nr="55" mi="0" ci="1" mb="0" cb="0"/><counter type="INSTRUCTION" missed="0" covered="83"/><counter type="LINE" missed="0" covered="16"/><counter type="COMPLEXITY" missed="0" covered="7"/><counter type="METHOD" missed="0" covered="7"/><counter type="CLASS" missed="0" covered="1"/></sourcefile><counter type="INSTRUCTION" missed="0" covered="83"/><counter type="LINE" missed="0" covered="16"/><counter type="COMPLEXITY" missed="0" covered="7"/><counter type="METHOD" missed="0" covered="7"/><counter type="CLASS" missed="0" covered="1"/></package><counter type="INSTRUCTION" missed="205" covered="1784"/><counter type="BRANCH" missed="45" covered="80"/><counter type="LINE" missed="25" covered="297"/><counter type="COMPLEXITY" missed="59" covered="133"/><counter type="METHOD" missed="17" covered="112"/><counter type="CLASS" missed="0" covered="13"/></report>